2012-06-13 15:41:03,753-0500 DEBUG Loader arguments: [-tc.file, tc.data, -sites.file, sites/1-throttle-sites.xml, gpu.swift, -nkernels=1, -kernel_time=100]
2012-06-13 15:41:03,753-0500 DEBUG Loader Max heap: 252248064
2012-06-13 15:41:03,754-0500 DEBUG textfiles BEGIN SWIFTSCRIPT:
type messagefile; 
type countfile; 

app (countfile t) countwords (int nk, int t) {   
     cka "-nkernels="nk "-kernel_time="t stdout=@filename(t);
}

int nKernels = @toint(@arg("nkernels","1"));
int sleepTime = @toint(@arg("kernel_time","1"));

string inputNames = "scott3a.sh scott3a.sh scott3a.sh scott3a.sh scott3a.sh scott3a.sh scott3a.sh scott3a.sh scott3a.sh scott3a.sh scott3a.sh scott3a.sh scott3a.sh scott3a.sh scott3a.sh scott3a.sh scott3a.sh scott3a.sh scott3a.sh scott3a.sh scott3a.sh scott3a.sh scott3a.sh scott3a.sh scott3a.sh scott3a.sh scott3a.sh scott3a.sh scott3a.sh scott3a.sh scott3a.sh scott3a.sh scott3a.sh scott3a.sh scott3a.sh scott3a.sh scott3a.sh scott3a.sh scott3a.sh scott3a.sh scott3a.sh scott3a.sh scott3a.sh scott3a.sh scott3a.sh scott3a.sh scott3a.sh scott3a.sh scott3a.sh scott3a.sh scott3a.sh scott3a.sh scott3a.sh scott3a.sh scott3a.sh scott3a.sh scott3a.sh scott3a.sh scott3a.sh scott3a.sh scott3a.sh scott3a.sh scott3a.sh scott3a.sh";

messagefile inputfiles[] <fixed_array_mapper;files=inputNames>;

foreach f,i in inputfiles {
  countfile c <single_file_mapper; file=@strcat(i, ".result")>;
  c = countwords(nKernels, sleepTime);
}


2012-06-13 15:41:03,754-0500 DEBUG textfiles END SWIFTSCRIPT:
2012-06-13 15:41:03,754-0500 INFO  Loader gpu.swift: source file is new. Recompiling.
2012-06-13 15:41:04,321-0500 INFO  Karajan Validation of XML intermediate file was successful
2012-06-13 15:41:04,376-0500 DEBUG Loader Detailed exception:
org.griphyn.vdl.karajan.CompilationException: Cannot pass type 'countfile' as a parameter to application 'cka' in application cka at line 4
	at org.griphyn.vdl.engine.Karajan.application(Karajan.java:917)
	at org.griphyn.vdl.engine.Karajan.binding(Karajan.java:887)
	at org.griphyn.vdl.engine.Karajan.procedure(Karajan.java:331)
	at org.griphyn.vdl.engine.Karajan.processProcedures(Karajan.java:248)
	at org.griphyn.vdl.engine.Karajan.program(Karajan.java:268)
	at org.griphyn.vdl.engine.Karajan.compile(Karajan.java:106)
	at org.griphyn.vdl.karajan.Loader.compile(Loader.java:310)
	at org.griphyn.vdl.karajan.Loader.main(Loader.java:151)
Caused by: org.griphyn.vdl.karajan.CompilationException: Cannot pass type 'countfile' as a parameter to application 'cka'
	at org.griphyn.vdl.engine.Karajan.application(Karajan.java:906)
	... 7 more
