2012-06-18 09:49:12,984-0500 DEBUG Loader arguments: [-tc.file, tc.data, -sites.file, sites/1-throttle-sites.xml, gpu.swift, -nkernels=16, -kernel_time=100]
2012-06-18 09:49:12,984-0500 DEBUG Loader Max heap: 252248064
2012-06-18 09:49:12,985-0500 DEBUG textfiles BEGIN SWIFTSCRIPT:
type messagefile; 
type countfile; 

app (countfile t) countwords (int nk, int time) {   
     cka "-nkernels="nk "-kernel_time="time stdout=@filename(t);
}

int nKernels = @toint(@arg("nkernels","1"));
int sleepTime = @toint(@arg("kernel_time","1"));

string inputNames = "scott3a.sh scott3a.sh scott3a.sh scott3a.sh scott3a.sh scott3a.sh scott3a.sh scott3a.sh scott3a.sh scott3a.sh scott3a.sh scott3a.sh scott3a.sh scott3a.sh scott3a.sh scott3a.sh scott3a.sh scott3a.sh scott3a.sh scott3a.sh scott3a.sh scott3a.sh scott3a.sh scott3a.sh scott3a.sh scott3a.sh scott3a.sh scott3a.sh scott3a.sh scott3a.sh scott3a.sh scott3a.sh scott3a.sh scott3a.sh scott3a.sh scott3a.sh scott3a.sh scott3a.sh scott3a.sh scott3a.sh scott3a.sh scott3a.sh scott3a.sh scott3a.sh scott3a.sh scott3a.sh scott3a.sh scott3a.sh scott3a.sh scott3a.sh scott3a.sh scott3a.sh scott3a.sh scott3a.sh scott3a.sh scott3a.sh scott3a.sh scott3a.sh scott3a.sh scott3a.sh scott3a.sh scott3a.sh scott3a.sh scott3a.sh";

messagefile inputfiles[] <fixed_array_mapper;files=inputNames>;

foreach f,i in inputfiles {
  countfile c <single_file_mapper; file=@strcat(i, ".result")>;
  c = countwords(nKernels, sleepTime);
}


2012-06-18 09:49:12,985-0500 DEBUG textfiles END SWIFTSCRIPT:
2012-06-18 09:49:12,986-0500 INFO  Loader gpu.swift: source file is new. Recompiling.
2012-06-18 09:49:13,556-0500 INFO  Karajan Validation of XML intermediate file was successful
2012-06-18 09:49:13,754-0500 DEBUG Loader setting: sites.file to: sites/1-throttle-sites.xml
2012-06-18 09:49:13,755-0500 DEBUG Loader setting: tc.file to: tc.data
2012-06-18 09:49:13,755-0500 DEBUG textfiles BEGIN SITES:
<config>

  <pool handle="localhost">
    <filesystem provider="local" />
    <execution provider="local" />
    <workdirectory >/var/tmp</workdirectory>
    <profile namespace="karajan" key="jobThrottle">0</profile>
    <profile namespace="karajan" key="initialScore">10000</profile>
  </pool>

</config>


2012-06-18 09:49:13,755-0500 DEBUG textfiles END SITES:
2012-06-18 09:49:13,758-0500 INFO  VDL2ExecutionContext Stack dump:
Level 1
[iA = 0, iB = 0, bA = false, bB = false]
	vdl:instanceconfig = Swift configuration []
	vdl:operation = run
	swift.home = /usr/local/swift/bin/..
	PATH_SEPARATOR = /


2012-06-18 09:49:14,397-0500 INFO  unknown Using sites file: sites/1-throttle-sites.xml
2012-06-18 09:49:14,430-0500 INFO  unknown Using tc.data: tc.data
2012-06-18 09:49:14,564-0500 INFO  AbstractScheduler Setting resources to: {localhost=localhost}
2012-06-18 09:49:15,208-0500 INFO  unknown Swift 0.93 swift-r5483 cog-r3339

2012-06-18 09:49:15,208-0500 INFO  unknown RUNID id=run:20120618-0949-oalt2gn4
2012-06-18 09:49:15,255-0500 INFO  SetFieldValue Set: inputNames=scott3a.sh scott3a.sh scott3a.sh scott3a.sh scott3a.sh scott3a.sh scott3a.sh scott3a.sh scott3a.sh scott3a.sh scott3a.sh scott3a.sh scott3a.sh scott3a.sh scott3a.sh scott3a.sh scott3a.sh scott3a.sh scott3a.sh scott3a.sh scott3a.sh scott3a.sh scott3a.sh scott3a.sh scott3a.sh scott3a.sh scott3a.sh scott3a.sh scott3a.sh scott3a.sh scott3a.sh scott3a.sh scott3a.sh scott3a.sh scott3a.sh scott3a.sh scott3a.sh scott3a.sh scott3a.sh scott3a.sh scott3a.sh scott3a.sh scott3a.sh scott3a.sh scott3a.sh scott3a.sh scott3a.sh scott3a.sh scott3a.sh scott3a.sh scott3a.sh scott3a.sh scott3a.sh scott3a.sh scott3a.sh scott3a.sh scott3a.sh scott3a.sh scott3a.sh scott3a.sh scott3a.sh scott3a.sh scott3a.sh scott3a.sh
2012-06-18 09:49:15,256-0500 INFO  VDLFunction FUNCTION: arg()
2012-06-18 09:49:15,256-0500 INFO  VDLFunction FUNCTION: arg()
2012-06-18 09:49:15,257-0500 INFO  VDLFunction FUNCTION: toint()
2012-06-18 09:49:15,257-0500 INFO  VDLFunction FUNCTION: toint()
2012-06-18 09:49:15,257-0500 INFO  SetFieldValue Set: nKernels=16.0
2012-06-18 09:49:15,257-0500 INFO  SetFieldValue Set: sleepTime=100.0
2012-06-18 09:49:15,276-0500 INFO  RootDataNode Found data inputfiles:messagefile[] - Open.[0]
2012-06-18 09:49:15,277-0500 INFO  RootDataNode Found data inputfiles:messagefile[] - Open.[1]
2012-06-18 09:49:15,277-0500 INFO  RootDataNode Found data inputfiles:messagefile[] - Open.[2]
2012-06-18 09:49:15,277-0500 INFO  RootDataNode Found data inputfiles:messagefile[] - Open.[3]
2012-06-18 09:49:15,277-0500 INFO  RootDataNode Found data inputfiles:messagefile[] - Open.[4]
2012-06-18 09:49:15,277-0500 INFO  RootDataNode Found data inputfiles:messagefile[] - Open.[5]
2012-06-18 09:49:15,277-0500 INFO  RootDataNode Found data inputfiles:messagefile[] - Open.[6]
2012-06-18 09:49:15,277-0500 INFO  RootDataNode Found data inputfiles:messagefile[] - Open.[7]
2012-06-18 09:49:15,277-0500 INFO  RootDataNode Found data inputfiles:messagefile[] - Open.[8]
2012-06-18 09:49:15,277-0500 INFO  RootDataNode Found data inputfiles:messagefile[] - Open.[9]
2012-06-18 09:49:15,277-0500 INFO  RootDataNode Found data inputfiles:messagefile[] - Open.[10]
2012-06-18 09:49:15,277-0500 INFO  RootDataNode Found data inputfiles:messagefile[] - Open.[11]
2012-06-18 09:49:15,277-0500 INFO  RootDataNode Found data inputfiles:messagefile[] - Open.[12]
2012-06-18 09:49:15,278-0500 INFO  RootDataNode Found data inputfiles:messagefile[] - Open.[13]
2012-06-18 09:49:15,278-0500 INFO  RootDataNode Found data inputfiles:messagefile[] - Open.[14]
2012-06-18 09:49:15,278-0500 INFO  RootDataNode Found data inputfiles:messagefile[] - Open.[15]
2012-06-18 09:49:15,278-0500 INFO  RootDataNode Found data inputfiles:messagefile[] - Open.[16]
2012-06-18 09:49:15,278-0500 INFO  RootDataNode Found data inputfiles:messagefile[] - Open.[17]
2012-06-18 09:49:15,278-0500 INFO  RootDataNode Found data inputfiles:messagefile[] - Open.[18]
2012-06-18 09:49:15,278-0500 INFO  RootDataNode Found data inputfiles:messagefile[] - Open.[19]
2012-06-18 09:49:15,278-0500 INFO  RootDataNode Found data inputfiles:messagefile[] - Open.[20]
2012-06-18 09:49:15,278-0500 INFO  RootDataNode Found data inputfiles:messagefile[] - Open.[21]
2012-06-18 09:49:15,278-0500 INFO  RootDataNode Found data inputfiles:messagefile[] - Open.[22]
2012-06-18 09:49:15,278-0500 INFO  RootDataNode Found data inputfiles:messagefile[] - Open.[23]
2012-06-18 09:49:15,278-0500 INFO  RootDataNode Found data inputfiles:messagefile[] - Open.[24]
2012-06-18 09:49:15,279-0500 INFO  RootDataNode Found data inputfiles:messagefile[] - Open.[25]
2012-06-18 09:49:15,279-0500 INFO  RootDataNode Found data inputfiles:messagefile[] - Open.[26]
2012-06-18 09:49:15,279-0500 INFO  RootDataNode Found data inputfiles:messagefile[] - Open.[27]
2012-06-18 09:49:15,279-0500 INFO  RootDataNode Found data inputfiles:messagefile[] - Open.[28]
2012-06-18 09:49:15,279-0500 INFO  RootDataNode Found data inputfiles:messagefile[] - Open.[29]
2012-06-18 09:49:15,279-0500 INFO  RootDataNode Found data inputfiles:messagefile[] - Open.[30]
2012-06-18 09:49:15,279-0500 INFO  RootDataNode Found data inputfiles:messagefile[] - Open.[31]
2012-06-18 09:49:15,279-0500 INFO  RootDataNode Found data inputfiles:messagefile[] - Open.[32]
2012-06-18 09:49:15,279-0500 INFO  RootDataNode Found data inputfiles:messagefile[] - Open.[33]
2012-06-18 09:49:15,279-0500 INFO  RootDataNode Found data inputfiles:messagefile[] - Open.[34]
2012-06-18 09:49:15,279-0500 INFO  RootDataNode Found data inputfiles:messagefile[] - Open.[35]
2012-06-18 09:49:15,279-0500 INFO  RootDataNode Found data inputfiles:messagefile[] - Open.[36]
2012-06-18 09:49:15,280-0500 INFO  RootDataNode Found data inputfiles:messagefile[] - Open.[37]
2012-06-18 09:49:15,280-0500 INFO  RootDataNode Found data inputfiles:messagefile[] - Open.[38]
2012-06-18 09:49:15,280-0500 INFO  RootDataNode Found data inputfiles:messagefile[] - Open.[39]
2012-06-18 09:49:15,280-0500 INFO  RootDataNode Found data inputfiles:messagefile[] - Open.[40]
2012-06-18 09:49:15,280-0500 INFO  RootDataNode Found data inputfiles:messagefile[] - Open.[41]
2012-06-18 09:49:15,280-0500 INFO  RootDataNode Found data inputfiles:messagefile[] - Open.[42]
2012-06-18 09:49:15,280-0500 INFO  RootDataNode Found data inputfiles:messagefile[] - Open.[43]
2012-06-18 09:49:15,280-0500 INFO  RootDataNode Found data inputfiles:messagefile[] - Open.[44]
2012-06-18 09:49:15,280-0500 INFO  RootDataNode Found data inputfiles:messagefile[] - Open.[45]
2012-06-18 09:49:15,280-0500 INFO  RootDataNode Found data inputfiles:messagefile[] - Open.[46]
2012-06-18 09:49:15,280-0500 INFO  RootDataNode Found data inputfiles:messagefile[] - Open.[47]
2012-06-18 09:49:15,280-0500 INFO  RootDataNode Found data inputfiles:messagefile[] - Open.[48]
2012-06-18 09:49:15,281-0500 INFO  RootDataNode Found data inputfiles:messagefile[] - Open.[49]
2012-06-18 09:49:15,281-0500 INFO  RootDataNode Found data inputfiles:messagefile[] - Open.[50]
2012-06-18 09:49:15,281-0500 INFO  RootDataNode Found data inputfiles:messagefile[] - Open.[51]
2012-06-18 09:49:15,281-0500 INFO  RootDataNode Found data inputfiles:messagefile[] - Open.[52]
2012-06-18 09:49:15,281-0500 INFO  RootDataNode Found data inputfiles:messagefile[] - Open.[53]
2012-06-18 09:49:15,281-0500 INFO  RootDataNode Found data inputfiles:messagefile[] - Open.[54]
2012-06-18 09:49:15,281-0500 INFO  RootDataNode Found data inputfiles:messagefile[] - Open.[55]
2012-06-18 09:49:15,281-0500 INFO  RootDataNode Found data inputfiles:messagefile[] - Open.[56]
2012-06-18 09:49:15,281-0500 INFO  RootDataNode Found data inputfiles:messagefile[] - Open.[57]
2012-06-18 09:49:15,281-0500 INFO  RootDataNode Found data inputfiles:messagefile[] - Open.[58]
2012-06-18 09:49:15,281-0500 INFO  RootDataNode Found data inputfiles:messagefile[] - Open.[59]
2012-06-18 09:49:15,281-0500 INFO  RootDataNode Found data inputfiles:messagefile[] - Open.[60]
2012-06-18 09:49:15,282-0500 INFO  RootDataNode Found data inputfiles:messagefile[] - Open.[61]
2012-06-18 09:49:15,282-0500 INFO  RootDataNode Found data inputfiles:messagefile[] - Open.[62]
2012-06-18 09:49:15,282-0500 INFO  RootDataNode Found data inputfiles:messagefile[] - Open.[63]
2012-06-18 09:49:15,288-0500 DEBUG vdl:mains FOREACH_IT_START line=15 thread=0-3-0
2012-06-18 09:49:15,289-0500 DEBUG vdl:mains FOREACH_IT_START line=15 thread=0-3-9
2012-06-18 09:49:15,289-0500 DEBUG vdl:mains FOREACH_IT_START line=15 thread=0-3-7
2012-06-18 09:49:15,290-0500 DEBUG vdl:mains FOREACH_IT_START line=15 thread=0-3-8
2012-06-18 09:49:15,290-0500 DEBUG vdl:mains FOREACH_IT_START line=15 thread=0-3-11
2012-06-18 09:49:15,291-0500 DEBUG vdl:mains SCOPE thread=0-3-0
2012-06-18 09:49:15,291-0500 DEBUG vdl:mains FOREACH_IT_START line=15 thread=0-3-13
2012-06-18 09:49:15,288-0500 DEBUG vdl:mains FOREACH_IT_START line=15 thread=0-3-2
2012-06-18 09:49:15,288-0500 DEBUG vdl:mains FOREACH_IT_START line=15 thread=0-3-1
2012-06-18 09:49:15,288-0500 DEBUG vdl:mains FOREACH_IT_START line=15 thread=0-3-5
2012-06-18 09:49:15,293-0500 DEBUG vdl:mains SCOPE thread=0-3-9
2012-06-18 09:49:15,293-0500 DEBUG vdl:mains FOREACH_IT_START line=15 thread=0-3-17
2012-06-18 09:49:15,294-0500 DEBUG vdl:mains SCOPE thread=0-3-7
2012-06-18 09:49:15,288-0500 DEBUG vdl:mains FOREACH_IT_START line=15 thread=0-3-4
2012-06-18 09:49:15,288-0500 DEBUG vdl:mains FOREACH_IT_START line=15 thread=0-3-6
2012-06-18 09:49:15,294-0500 DEBUG vdl:mains SCOPE thread=0-3-8
2012-06-18 09:49:15,294-0500 DEBUG vdl:mains FOREACH_IT_START line=15 thread=0-3-3
2012-06-18 09:49:15,294-0500 DEBUG vdl:mains FOREACH_IT_START line=15 thread=0-3-18
2012-06-18 09:49:15,296-0500 DEBUG vdl:mains FOREACH_IT_START line=15 thread=0-3-25
2012-06-18 09:49:15,292-0500 DEBUG vdl:mains FOREACH_IT_START line=15 thread=0-3-15
2012-06-18 09:49:15,292-0500 DEBUG vdl:mains FOREACH_IT_START line=15 thread=0-3-16
2012-06-18 09:49:15,291-0500 DEBUG vdl:mains FOREACH_IT_START line=15 thread=0-3-14
2012-06-18 09:49:15,291-0500 DEBUG vdl:mains FOREACH_IT_START line=15 thread=0-3-12
2012-06-18 09:49:15,290-0500 DEBUG vdl:mains FOREACH_IT_START line=15 thread=0-3-10
2012-06-18 09:49:15,297-0500 DEBUG vdl:mains FOREACH_IT_START line=15 thread=0-3-29
2012-06-18 09:49:15,297-0500 DEBUG vdl:mains FOREACH_IT_START line=15 thread=0-3-22
2012-06-18 09:49:15,297-0500 DEBUG vdl:mains FOREACH_IT_START line=15 thread=0-3-27
2012-06-18 09:49:15,297-0500 DEBUG vdl:mains FOREACH_IT_START line=15 thread=0-3-20
2012-06-18 09:49:15,297-0500 DEBUG vdl:mains FOREACH_IT_START line=15 thread=0-3-28
2012-06-18 09:49:15,296-0500 DEBUG vdl:mains SCOPE thread=0-3-11
2012-06-18 09:49:15,295-0500 DEBUG vdl:mains FOREACH_IT_START line=15 thread=0-3-23
2012-06-18 09:49:15,295-0500 DEBUG vdl:mains FOREACH_IT_START line=15 thread=0-3-26
2012-06-18 09:49:15,295-0500 DEBUG vdl:mains FOREACH_IT_START line=15 thread=0-3-21
2012-06-18 09:49:15,295-0500 DEBUG vdl:mains FOREACH_IT_START line=15 thread=0-3-24
2012-06-18 09:49:15,300-0500 DEBUG vdl:mains FOREACH_IT_START line=15 thread=0-3-32
2012-06-18 09:49:15,300-0500 DEBUG vdl:mains FOREACH_IT_START line=15 thread=0-3-34
2012-06-18 09:49:15,300-0500 DEBUG vdl:mains SCOPE thread=0-3-5
2012-06-18 09:49:15,299-0500 DEBUG vdl:mains SCOPE thread=0-3-2
2012-06-18 09:49:15,299-0500 DEBUG vdl:mains SCOPE thread=0-3-1
2012-06-18 09:49:15,299-0500 DEBUG vdl:mains FOREACH_IT_START line=15 thread=0-3-33
2012-06-18 09:49:15,298-0500 DEBUG vdl:mains SCOPE thread=0-3-13
2012-06-18 09:49:15,298-0500 DEBUG vdl:mains FOREACH_IT_START line=15 thread=0-3-31
2012-06-18 09:49:15,298-0500 DEBUG vdl:mains FOREACH_IT_START line=15 thread=0-3-30
2012-06-18 09:49:15,302-0500 DEBUG vdl:mains FOREACH_IT_START line=15 thread=0-3-38
2012-06-18 09:49:15,303-0500 DEBUG vdl:mains FOREACH_IT_START line=15 thread=0-3-39
2012-06-18 09:49:15,303-0500 DEBUG vdl:mains FOREACH_IT_START line=15 thread=0-3-40
2012-06-18 09:49:15,302-0500 DEBUG vdl:mains FOREACH_IT_START line=15 thread=0-3-37
2012-06-18 09:49:15,302-0500 DEBUG vdl:mains SCOPE thread=0-3-17
2012-06-18 09:49:15,301-0500 DEBUG vdl:mains FOREACH_IT_START line=15 thread=0-3-19
2012-06-18 09:49:15,301-0500 DEBUG vdl:mains FOREACH_IT_START line=15 thread=0-3-36
2012-06-18 09:49:15,300-0500 DEBUG vdl:mains FOREACH_IT_START line=15 thread=0-3-35
2012-06-18 09:49:15,305-0500 DEBUG vdl:mains FOREACH_IT_START line=15 thread=0-3-47
2012-06-18 09:49:15,305-0500 DEBUG vdl:mains FOREACH_IT_START line=15 thread=0-3-45
2012-06-18 09:49:15,304-0500 DEBUG vdl:mains SCOPE thread=0-3-3
2012-06-18 09:49:15,304-0500 DEBUG vdl:mains FOREACH_IT_START line=15 thread=0-3-44
2012-06-18 09:49:15,304-0500 DEBUG vdl:mains SCOPE thread=0-3-6
2012-06-18 09:49:15,304-0500 DEBUG vdl:mains FOREACH_IT_START line=15 thread=0-3-43
2012-06-18 09:49:15,304-0500 DEBUG vdl:mains FOREACH_IT_START line=15 thread=0-3-42
2012-06-18 09:49:15,303-0500 DEBUG vdl:mains SCOPE thread=0-3-4
2012-06-18 09:49:15,303-0500 DEBUG vdl:mains FOREACH_IT_START line=15 thread=0-3-41
2012-06-18 09:49:15,307-0500 DEBUG vdl:mains FOREACH_IT_START line=15 thread=0-3-52
2012-06-18 09:49:15,307-0500 DEBUG vdl:mains FOREACH_IT_START line=15 thread=0-3-50
2012-06-18 09:49:15,306-0500 DEBUG vdl:mains SCOPE thread=0-3-16
2012-06-18 09:49:15,306-0500 DEBUG vdl:mains FOREACH_IT_START line=15 thread=0-3-49
2012-06-18 09:49:15,306-0500 DEBUG vdl:mains SCOPE thread=0-3-15
2012-06-18 09:49:15,305-0500 DEBUG vdl:mains SCOPE thread=0-3-25
2012-06-18 09:49:15,305-0500 DEBUG vdl:mains FOREACH_IT_START line=15 thread=0-3-51
2012-06-18 09:49:15,305-0500 DEBUG vdl:mains SCOPE thread=0-3-18
2012-06-18 09:49:15,309-0500 DEBUG vdl:mains FOREACH_IT_START line=15 thread=0-3-57
2012-06-18 09:49:15,305-0500 DEBUG vdl:mains FOREACH_IT_START line=15 thread=0-3-48
2012-06-18 09:49:15,305-0500 DEBUG vdl:mains FOREACH_IT_START line=15 thread=0-3-46
2012-06-18 09:49:15,309-0500 DEBUG vdl:mains SCOPE thread=0-3-20
2012-06-18 09:49:15,309-0500 DEBUG vdl:mains FOREACH_IT_START line=15 thread=0-3-59
2012-06-18 09:49:15,308-0500 DEBUG vdl:mains SCOPE thread=0-3-27
2012-06-18 09:49:15,308-0500 DEBUG vdl:mains SCOPE thread=0-3-22
2012-06-18 09:49:15,308-0500 DEBUG vdl:mains FOREACH_IT_START line=15 thread=0-3-56
2012-06-18 09:49:15,308-0500 DEBUG vdl:mains FOREACH_IT_START line=15 thread=0-3-53
2012-06-18 09:49:15,307-0500 DEBUG vdl:mains SCOPE thread=0-3-29
2012-06-18 09:49:15,307-0500 DEBUG vdl:mains FOREACH_IT_START line=15 thread=0-3-54
2012-06-18 09:49:15,307-0500 DEBUG vdl:mains SCOPE thread=0-3-10
2012-06-18 09:49:15,307-0500 DEBUG vdl:mains FOREACH_IT_START line=15 thread=0-3-55
2012-06-18 09:49:15,312-0500 DEBUG vdl:mains SCOPE thread=0-3-24
2012-06-18 09:49:15,312-0500 DEBUG vdl:mains FOREACH_IT_START line=15 thread=0-3-63
2012-06-18 09:49:15,311-0500 DEBUG vdl:mains FOREACH_IT_START line=15 thread=0-3-58
2012-06-18 09:49:15,311-0500 DEBUG vdl:mains FOREACH_IT_START line=15 thread=0-3-62
2012-06-18 09:49:15,311-0500 DEBUG vdl:mains SCOPE thread=0-3-26
2012-06-18 09:49:15,311-0500 DEBUG vdl:mains SCOPE thread=0-3-23
2012-06-18 09:49:15,311-0500 DEBUG vdl:mains SCOPE thread=0-3-12
2012-06-18 09:49:15,310-0500 DEBUG vdl:mains SCOPE thread=0-3-28
2012-06-18 09:49:15,310-0500 DEBUG vdl:mains FOREACH_IT_START line=15 thread=0-3-61
2012-06-18 09:49:15,310-0500 DEBUG vdl:mains FOREACH_IT_START line=15 thread=0-3-60
2012-06-18 09:49:15,315-0500 DEBUG vdl:mains SCOPE thread=0-3-39
2012-06-18 09:49:15,315-0500 DEBUG vdl:mains SCOPE thread=0-3-38
2012-06-18 09:49:15,314-0500 DEBUG vdl:mains SCOPE thread=0-3-30
2012-06-18 09:49:15,314-0500 DEBUG vdl:mains SCOPE thread=0-3-31
2012-06-18 09:49:15,316-0500 DEBUG vdl:mains SCOPE thread=0-3-36
2012-06-18 09:49:15,314-0500 DEBUG vdl:mains SCOPE thread=0-3-33
2012-06-18 09:49:15,313-0500 DEBUG vdl:mains SCOPE thread=0-3-34
2012-06-18 09:49:15,313-0500 DEBUG vdl:mains SCOPE thread=0-3-32
2012-06-18 09:49:15,317-0500 DEBUG vdl:mains SCOPE thread=0-3-43
2012-06-18 09:49:15,312-0500 DEBUG vdl:mains SCOPE thread=0-3-21
2012-06-18 09:49:15,312-0500 DEBUG vdl:mains SCOPE thread=0-3-14
2012-06-18 09:49:15,318-0500 DEBUG vdl:mains SCOPE thread=0-3-41
2012-06-18 09:49:15,318-0500 DEBUG vdl:mains SCOPE thread=0-3-50
2012-06-18 09:49:15,318-0500 DEBUG vdl:mains SCOPE thread=0-3-49
2012-06-18 09:49:15,318-0500 DEBUG vdl:mains SCOPE thread=0-3-51
2012-06-18 09:49:15,319-0500 DEBUG vdl:mains SCOPE thread=0-3-57
2012-06-18 09:49:15,317-0500 DEBUG vdl:mains SCOPE thread=0-3-42
2012-06-18 09:49:15,317-0500 DEBUG vdl:mains SCOPE thread=0-3-44
2012-06-18 09:49:15,316-0500 DEBUG vdl:mains SCOPE thread=0-3-45
2012-06-18 09:49:15,320-0500 DEBUG vdl:mains SCOPE thread=0-3-59
2012-06-18 09:49:15,316-0500 DEBUG vdl:mains SCOPE thread=0-3-35
2012-06-18 09:49:15,316-0500 DEBUG vdl:mains SCOPE thread=0-3-47
2012-06-18 09:49:15,316-0500 DEBUG vdl:mains SCOPE thread=0-3-19
2012-06-18 09:49:15,315-0500 DEBUG vdl:mains SCOPE thread=0-3-37
2012-06-18 09:49:15,315-0500 DEBUG vdl:mains SCOPE thread=0-3-40
2012-06-18 09:49:15,321-0500 DEBUG vdl:mains SCOPE thread=0-3-58
2012-06-18 09:49:15,321-0500 DEBUG vdl:mains SCOPE thread=0-3-62
2012-06-18 09:49:15,321-0500 DEBUG vdl:mains SCOPE thread=0-3-63
2012-06-18 09:49:15,321-0500 DEBUG vdl:mains SCOPE thread=0-3-55
2012-06-18 09:49:15,323-0500 DEBUG vdl:mains SCOPE thread=0-3-61
2012-06-18 09:49:15,320-0500 DEBUG vdl:mains SCOPE thread=0-3-54
2012-06-18 09:49:15,320-0500 DEBUG vdl:mains SCOPE thread=0-3-53
2012-06-18 09:49:15,320-0500 DEBUG vdl:mains SCOPE thread=0-3-56
2012-06-18 09:49:15,319-0500 DEBUG vdl:mains SCOPE thread=0-3-48
2012-06-18 09:49:15,319-0500 DEBUG vdl:mains SCOPE thread=0-3-46
2012-06-18 09:49:15,318-0500 DEBUG vdl:mains SCOPE thread=0-3-52
2012-06-18 09:49:15,323-0500 DEBUG vdl:mains SCOPE thread=0-3-60
2012-06-18 09:49:15,372-0500 INFO  SetFieldValue Set: swift#mapper#17006=5.result
2012-06-18 09:49:15,372-0500 INFO  SetFieldValue Set: swift#mapper#17006=13.result
2012-06-18 09:49:15,372-0500 INFO  SetFieldValue Set: swift#mapper#17006=15.result
2012-06-18 09:49:15,372-0500 INFO  SetFieldValue Set: swift#mapper#17006=4.result
2012-06-18 09:49:15,373-0500 INFO  SetFieldValue Set: swift#mapper#17006=43.result
2012-06-18 09:49:15,374-0500 INFO  SetFieldValue Set: swift#mapper#17006=9.result
2012-06-18 09:49:15,375-0500 INFO  SetFieldValue Set: swift#mapper#17006=29.result
2012-06-18 09:49:15,376-0500 INFO  SetFieldValue Set: swift#mapper#17006=1.result
2012-06-18 09:49:15,377-0500 INFO  SetFieldValue Set: swift#mapper#17006=12.result
2012-06-18 09:49:15,377-0500 INFO  SetFieldValue Set: swift#mapper#17006=0.result
2012-06-18 09:49:15,378-0500 INFO  SetFieldValue Set: swift#mapper#17006=8.result
2012-06-18 09:49:15,378-0500 INFO  SetFieldValue Set: swift#mapper#17006=7.result
2012-06-18 09:49:15,379-0500 INFO  SetFieldValue Set: swift#mapper#17006=32.result
2012-06-18 09:49:15,379-0500 INFO  SetFieldValue Set: swift#mapper#17006=27.result
2012-06-18 09:49:15,379-0500 INFO  SetFieldValue Set: swift#mapper#17006=6.result
2012-06-18 09:49:15,379-0500 INFO  SetFieldValue Set: swift#mapper#17006=17.result
2012-06-18 09:49:15,380-0500 INFO  SetFieldValue Set: swift#mapper#17006=2.result
2012-06-18 09:49:15,380-0500 INFO  SetFieldValue Set: swift#mapper#17006=3.result
2012-06-18 09:49:15,380-0500 INFO  SetFieldValue Set: swift#mapper#17006=14.result
2012-06-18 09:49:15,380-0500 INFO  SetFieldValue Set: swift#mapper#17006=30.result
2012-06-18 09:49:15,380-0500 INFO  SetFieldValue Set: swift#mapper#17006=24.result
2012-06-18 09:49:15,381-0500 INFO  SetFieldValue Set: swift#mapper#17006=38.result
2012-06-18 09:49:15,381-0500 INFO  SetFieldValue Set: swift#mapper#17006=45.result
2012-06-18 09:49:15,381-0500 INFO  SetFieldValue Set: swift#mapper#17006=22.result
2012-06-18 09:49:15,382-0500 INFO  SetFieldValue Set: swift#mapper#17006=36.result
2012-06-18 09:49:15,382-0500 INFO  SetFieldValue Set: swift#mapper#17006=21.result
2012-06-18 09:49:15,382-0500 INFO  SetFieldValue Set: swift#mapper#17006=50.result
2012-06-18 09:49:15,382-0500 INFO  SetFieldValue Set: swift#mapper#17006=18.result
2012-06-18 09:49:15,383-0500 INFO  SetFieldValue Set: swift#mapper#17006=58.result
2012-06-18 09:49:15,383-0500 INFO  SetFieldValue Set: swift#mapper#17006=39.result
2012-06-18 09:49:15,383-0500 INFO  SetFieldValue Set: swift#mapper#17006=10.result
2012-06-18 09:49:15,382-0500 INFO  SetFieldValue Set: swift#mapper#17006=11.result
2012-06-18 09:49:15,383-0500 INFO  SetFieldValue Set: swift#mapper#17006=19.result
2012-06-18 09:49:15,384-0500 INFO  SetFieldValue Set: swift#mapper#17006=59.result
2012-06-18 09:49:15,384-0500 INFO  SetFieldValue Set: swift#mapper#17006=23.result
2012-06-18 09:49:15,382-0500 INFO  SetFieldValue Set: swift#mapper#17006=16.result
2012-06-18 09:49:15,382-0500 INFO  SetFieldValue Set: swift#mapper#17006=63.result
2012-06-18 09:49:15,385-0500 INFO  SetFieldValue Set: swift#mapper#17006=44.result
2012-06-18 09:49:15,385-0500 INFO  SetFieldValue Set: swift#mapper#17006=51.result
2012-06-18 09:49:15,385-0500 INFO  SetFieldValue Set: swift#mapper#17006=54.result
2012-06-18 09:49:15,385-0500 INFO  SetFieldValue Set: swift#mapper#17006=31.result
2012-06-18 09:49:15,386-0500 INFO  SetFieldValue Set: swift#mapper#17006=34.result
2012-06-18 09:49:15,386-0500 INFO  SetFieldValue Set: swift#mapper#17006=55.result
2012-06-18 09:49:15,386-0500 INFO  SetFieldValue Set: swift#mapper#17006=20.result
2012-06-18 09:49:15,387-0500 INFO  SetFieldValue Set: swift#mapper#17006=37.result
2012-06-18 09:49:15,387-0500 INFO  SetFieldValue Set: swift#mapper#17006=49.result
2012-06-18 09:49:15,387-0500 INFO  SetFieldValue Set: swift#mapper#17006=47.result
2012-06-18 09:49:15,387-0500 INFO  SetFieldValue Set: swift#mapper#17006=42.result
2012-06-18 09:49:15,387-0500 INFO  SetFieldValue Set: swift#mapper#17006=62.result
2012-06-18 09:49:15,388-0500 INFO  SetFieldValue Set: swift#mapper#17006=61.result
2012-06-18 09:49:15,388-0500 INFO  SetFieldValue Set: swift#mapper#17006=35.result
2012-06-18 09:49:15,388-0500 INFO  SetFieldValue Set: swift#mapper#17006=41.result
2012-06-18 09:49:15,389-0500 INFO  SetFieldValue Set: swift#mapper#17006=56.result
2012-06-18 09:49:15,390-0500 INFO  SetFieldValue Set: swift#mapper#17006=48.result
2012-06-18 09:49:15,391-0500 INFO  SetFieldValue Set: swift#mapper#17006=53.result
2012-06-18 09:49:15,391-0500 INFO  SetFieldValue Set: swift#mapper#17006=46.result
2012-06-18 09:49:15,392-0500 INFO  SetFieldValue Set: swift#mapper#17006=60.result
2012-06-18 09:49:15,392-0500 INFO  SetFieldValue Set: swift#mapper#17006=52.result
2012-06-18 09:49:15,384-0500 INFO  SetFieldValue Set: swift#mapper#17006=57.result
2012-06-18 09:49:15,384-0500 INFO  SetFieldValue Set: swift#mapper#17006=25.result
2012-06-18 09:49:15,383-0500 INFO  SetFieldValue Set: swift#mapper#17006=40.result
2012-06-18 09:49:15,387-0500 INFO  SetFieldValue Set: swift#mapper#17006=28.result
2012-06-18 09:49:15,404-0500 DEBUG countwords PROCEDURE line=4 thread=0-3-13-1 name=countwords
2012-06-18 09:49:15,405-0500 DEBUG countwords PROCEDURE line=4 thread=0-3-22-1 name=countwords
2012-06-18 09:49:15,386-0500 INFO  SetFieldValue Set: swift#mapper#17006=26.result
2012-06-18 09:49:15,386-0500 INFO  SetFieldValue Set: swift#mapper#17006=33.result
2012-06-18 09:49:15,405-0500 DEBUG countwords PROCEDURE line=4 thread=0-3-54-1 name=countwords
2012-06-18 09:49:15,405-0500 DEBUG countwords PROCEDURE line=4 thread=0-3-61-1 name=countwords
2012-06-18 09:49:15,405-0500 DEBUG countwords PROCEDURE line=4 thread=0-3-14-1 name=countwords
2012-06-18 09:49:15,405-0500 DEBUG countwords PROCEDURE line=4 thread=0-3-4-1 name=countwords
2012-06-18 09:49:15,405-0500 DEBUG countwords PROCEDURE line=4 thread=0-3-3-1 name=countwords
2012-06-18 09:49:15,405-0500 DEBUG countwords PROCEDURE line=4 thread=0-3-8-1 name=countwords
2012-06-18 09:49:15,404-0500 DEBUG countwords PROCEDURE line=4 thread=0-3-36-1 name=countwords
2012-06-18 09:49:15,404-0500 DEBUG countwords PROCEDURE line=4 thread=0-3-57-1 name=countwords
2012-06-18 09:49:15,404-0500 DEBUG countwords PROCEDURE line=4 thread=0-3-7-1 name=countwords
2012-06-18 09:49:15,404-0500 DEBUG countwords PROCEDURE line=4 thread=0-3-11-1 name=countwords
2012-06-18 09:49:15,404-0500 DEBUG countwords PROCEDURE line=4 thread=0-3-15-1 name=countwords
2012-06-18 09:49:15,406-0500 DEBUG countwords PROCEDURE line=4 thread=0-3-24-1 name=countwords
2012-06-18 09:49:15,406-0500 DEBUG countwords PROCEDURE line=4 thread=0-3-20-1 name=countwords
2012-06-18 09:49:15,406-0500 DEBUG countwords PROCEDURE line=4 thread=0-3-40-1 name=countwords
2012-06-18 09:49:15,406-0500 DEBUG countwords PROCEDURE line=4 thread=0-3-12-1 name=countwords
2012-06-18 09:49:15,405-0500 DEBUG countwords PROCEDURE line=4 thread=0-3-30-1 name=countwords
2012-06-18 09:49:15,405-0500 DEBUG countwords PROCEDURE line=4 thread=0-3-26-1 name=countwords
2012-06-18 09:49:15,405-0500 DEBUG countwords PROCEDURE line=4 thread=0-3-0-1 name=countwords
2012-06-18 09:49:15,405-0500 DEBUG countwords PROCEDURE line=4 thread=0-3-35-1 name=countwords
2012-06-18 09:49:15,405-0500 DEBUG countwords PROCEDURE line=4 thread=0-3-43-1 name=countwords
2012-06-18 09:49:15,407-0500 DEBUG countwords PROCEDURE line=4 thread=0-3-48-1 name=countwords
2012-06-18 09:49:15,405-0500 DEBUG countwords PROCEDURE line=4 thread=0-3-2-1 name=countwords
2012-06-18 09:49:15,405-0500 DEBUG countwords PROCEDURE line=4 thread=0-3-51-1 name=countwords
2012-06-18 09:49:15,407-0500 DEBUG countwords PROCEDURE line=4 thread=0-3-37-1 name=countwords
2012-06-18 09:49:15,407-0500 DEBUG countwords PROCEDURE line=4 thread=0-3-1-1 name=countwords
2012-06-18 09:49:15,407-0500 DEBUG countwords PROCEDURE line=4 thread=0-3-28-1 name=countwords
2012-06-18 09:49:15,406-0500 DEBUG countwords PROCEDURE line=4 thread=0-3-23-1 name=countwords
2012-06-18 09:49:15,406-0500 DEBUG countwords PROCEDURE line=4 thread=0-3-16-1 name=countwords
2012-06-18 09:49:15,406-0500 DEBUG countwords PROCEDURE line=4 thread=0-3-38-1 name=countwords
2012-06-18 09:49:15,407-0500 DEBUG countwords PROCEDURE line=4 thread=0-3-49-1 name=countwords
2012-06-18 09:49:15,406-0500 DEBUG countwords PROCEDURE line=4 thread=0-3-32-1 name=countwords
2012-06-18 09:49:15,406-0500 DEBUG countwords PROCEDURE line=4 thread=0-3-5-1 name=countwords
2012-06-18 09:49:15,406-0500 DEBUG countwords PROCEDURE line=4 thread=0-3-17-1 name=countwords
2012-06-18 09:49:15,406-0500 DEBUG countwords PROCEDURE line=4 thread=0-3-47-1 name=countwords
2012-06-18 09:49:15,408-0500 DEBUG countwords PROCEDURE line=4 thread=0-3-58-1 name=countwords
2012-06-18 09:49:15,408-0500 DEBUG countwords PROCEDURE line=4 thread=0-3-44-1 name=countwords
2012-06-18 09:49:15,408-0500 DEBUG countwords PROCEDURE line=4 thread=0-3-33-1 name=countwords
2012-06-18 09:49:15,408-0500 DEBUG countwords PROCEDURE line=4 thread=0-3-21-1 name=countwords
2012-06-18 09:49:15,408-0500 DEBUG countwords PROCEDURE line=4 thread=0-3-63-1 name=countwords
2012-06-18 09:49:15,407-0500 DEBUG countwords PROCEDURE line=4 thread=0-3-27-1 name=countwords
2012-06-18 09:49:15,407-0500 DEBUG countwords PROCEDURE line=4 thread=0-3-45-1 name=countwords
2012-06-18 09:49:15,409-0500 DEBUG countwords PROCEDURE line=4 thread=0-3-56-1 name=countwords
2012-06-18 09:49:15,407-0500 DEBUG countwords PROCEDURE line=4 thread=0-3-29-1 name=countwords
2012-06-18 09:49:15,409-0500 DEBUG countwords PROCEDURE line=4 thread=0-3-41-1 name=countwords
2012-06-18 09:49:15,409-0500 DEBUG countwords PROCEDURE line=4 thread=0-3-46-1 name=countwords
2012-06-18 09:49:15,409-0500 DEBUG countwords PROCEDURE line=4 thread=0-3-60-1 name=countwords
2012-06-18 09:49:15,410-0500 DEBUG countwords PROCEDURE line=4 thread=0-3-53-1 name=countwords
2012-06-18 09:49:15,410-0500 DEBUG countwords PROCEDURE line=4 thread=0-3-52-1 name=countwords
2012-06-18 09:49:15,407-0500 DEBUG countwords PROCEDURE line=4 thread=0-3-55-1 name=countwords
2012-06-18 09:49:15,407-0500 DEBUG countwords PROCEDURE line=4 thread=0-3-59-1 name=countwords
2012-06-18 09:49:15,407-0500 DEBUG countwords PROCEDURE line=4 thread=0-3-39-1 name=countwords
2012-06-18 09:49:15,408-0500 DEBUG countwords PROCEDURE line=4 thread=0-3-9-1 name=countwords
2012-06-18 09:49:15,408-0500 DEBUG countwords PROCEDURE line=4 thread=0-3-10-1 name=countwords
2012-06-18 09:49:15,408-0500 DEBUG countwords PROCEDURE line=4 thread=0-3-25-1 name=countwords
2012-06-18 09:49:15,411-0500 DEBUG countwords PROCEDURE line=4 thread=0-3-19-1 name=countwords
2012-06-18 09:49:15,412-0500 DEBUG countwords PROCEDURE line=4 thread=0-3-42-1 name=countwords
2012-06-18 09:49:15,415-0500 DEBUG countwords PROCEDURE line=4 thread=0-3-18-1 name=countwords
2012-06-18 09:49:15,416-0500 DEBUG countwords PROCEDURE line=4 thread=0-3-50-1 name=countwords
2012-06-18 09:49:15,416-0500 DEBUG countwords PROCEDURE line=4 thread=0-3-34-1 name=countwords
2012-06-18 09:49:15,408-0500 DEBUG countwords PROCEDURE line=4 thread=0-3-62-1 name=countwords
2012-06-18 09:49:15,408-0500 DEBUG countwords PROCEDURE line=4 thread=0-3-6-1 name=countwords
2012-06-18 09:49:15,412-0500 DEBUG countwords PROCEDURE line=4 thread=0-3-31-1 name=countwords
2012-06-18 09:49:15,437-0500 INFO  vdl:execute START thread=0-3-20-1 tr=cka
2012-06-18 09:49:15,437-0500 INFO  vdl:execute START thread=0-3-53-1 tr=cka
2012-06-18 09:49:15,437-0500 INFO  vdl:execute START thread=0-3-21-1 tr=cka
2012-06-18 09:49:15,437-0500 INFO  vdl:execute START thread=0-3-45-1 tr=cka
2012-06-18 09:49:15,437-0500 INFO  vdl:execute START thread=0-3-56-1 tr=cka
2012-06-18 09:49:15,437-0500 INFO  vdl:execute START thread=0-3-46-1 tr=cka
2012-06-18 09:49:15,437-0500 INFO  vdl:execute START thread=0-3-48-1 tr=cka
2012-06-18 09:49:15,438-0500 INFO  vdl:execute START thread=0-3-38-1 tr=cka
2012-06-18 09:49:15,438-0500 INFO  vdl:execute START thread=0-3-0-1 tr=cka
2012-06-18 09:49:15,438-0500 INFO  vdl:execute START thread=0-3-13-1 tr=cka
2012-06-18 09:49:15,438-0500 INFO  vdl:execute START thread=0-3-16-1 tr=cka
2012-06-18 09:49:15,438-0500 INFO  vdl:execute START thread=0-3-18-1 tr=cka
2012-06-18 09:49:15,438-0500 INFO  vdl:execute START thread=0-3-59-1 tr=cka
2012-06-18 09:49:15,438-0500 INFO  vdl:execute START thread=0-3-24-1 tr=cka
2012-06-18 09:49:15,437-0500 INFO  vdl:execute START thread=0-3-60-1 tr=cka
2012-06-18 09:49:15,437-0500 INFO  vdl:execute START thread=0-3-57-1 tr=cka
2012-06-18 09:49:15,437-0500 INFO  vdl:execute START thread=0-3-29-1 tr=cka
2012-06-18 09:49:15,439-0500 INFO  vdl:execute START thread=0-3-49-1 tr=cka
2012-06-18 09:49:15,437-0500 INFO  vdl:execute START thread=0-3-9-1 tr=cka
2012-06-18 09:49:15,437-0500 INFO  vdl:execute START thread=0-3-22-1 tr=cka
2012-06-18 09:49:15,439-0500 INFO  vdl:execute START thread=0-3-10-1 tr=cka
2012-06-18 09:49:15,439-0500 INFO  vdl:execute START thread=0-3-30-1 tr=cka
2012-06-18 09:49:15,439-0500 INFO  vdl:execute START thread=0-3-63-1 tr=cka
2012-06-18 09:49:15,439-0500 INFO  vdl:execute START thread=0-3-40-1 tr=cka
2012-06-18 09:49:15,439-0500 INFO  vdl:execute START thread=0-3-50-1 tr=cka
2012-06-18 09:49:15,439-0500 INFO  vdl:execute START thread=0-3-14-1 tr=cka
2012-06-18 09:49:15,438-0500 INFO  vdl:execute START thread=0-3-11-1 tr=cka
2012-06-18 09:49:15,438-0500 INFO  vdl:execute START thread=0-3-26-1 tr=cka
2012-06-18 09:49:15,440-0500 INFO  vdl:execute START thread=0-3-2-1 tr=cka
2012-06-18 09:49:15,440-0500 INFO  vdl:execute START thread=0-3-34-1 tr=cka
2012-06-18 09:49:15,438-0500 INFO  vdl:execute START thread=0-3-35-1 tr=cka
2012-06-18 09:49:15,438-0500 INFO  vdl:execute START thread=0-3-44-1 tr=cka
2012-06-18 09:49:15,440-0500 INFO  vdl:execute START thread=0-3-32-1 tr=cka
2012-06-18 09:49:15,438-0500 INFO  vdl:execute START thread=0-3-47-1 tr=cka
2012-06-18 09:49:15,441-0500 INFO  vdl:execute START thread=0-3-42-1 tr=cka
2012-06-18 09:49:15,441-0500 INFO  vdl:execute START thread=0-3-15-1 tr=cka
2012-06-18 09:49:15,441-0500 INFO  vdl:execute START thread=0-3-55-1 tr=cka
2012-06-18 09:49:15,440-0500 INFO  vdl:execute START thread=0-3-23-1 tr=cka
2012-06-18 09:49:15,440-0500 INFO  vdl:execute START thread=0-3-8-1 tr=cka
2012-06-18 09:49:15,442-0500 INFO  vdl:execute START thread=0-3-62-1 tr=cka
2012-06-18 09:49:15,442-0500 INFO  vdl:execute START thread=0-3-5-1 tr=cka
2012-06-18 09:49:15,442-0500 INFO  vdl:execute START thread=0-3-28-1 tr=cka
2012-06-18 09:49:15,443-0500 INFO  vdl:execute START thread=0-3-7-1 tr=cka
2012-06-18 09:49:15,443-0500 INFO  vdl:execute START thread=0-3-6-1 tr=cka
2012-06-18 09:49:15,440-0500 INFO  vdl:execute START thread=0-3-27-1 tr=cka
2012-06-18 09:49:15,440-0500 INFO  vdl:execute START thread=0-3-17-1 tr=cka
2012-06-18 09:49:15,439-0500 INFO  vdl:execute START thread=0-3-3-1 tr=cka
2012-06-18 09:49:15,439-0500 INFO  vdl:execute START thread=0-3-1-1 tr=cka
2012-06-18 09:49:15,439-0500 INFO  vdl:execute START thread=0-3-25-1 tr=cka
2012-06-18 09:49:15,444-0500 INFO  vdl:execute START thread=0-3-52-1 tr=cka
2012-06-18 09:49:15,444-0500 INFO  vdl:execute START thread=0-3-4-1 tr=cka
2012-06-18 09:49:15,445-0500 INFO  vdl:execute START thread=0-3-54-1 tr=cka
2012-06-18 09:49:15,439-0500 INFO  vdl:execute START thread=0-3-36-1 tr=cka
2012-06-18 09:49:15,445-0500 INFO  vdl:execute START thread=0-3-61-1 tr=cka
2012-06-18 09:49:15,443-0500 INFO  vdl:execute START thread=0-3-43-1 tr=cka
2012-06-18 09:49:15,446-0500 INFO  vdl:execute START thread=0-3-12-1 tr=cka
2012-06-18 09:49:15,447-0500 INFO  vdl:execute START thread=0-3-51-1 tr=cka
2012-06-18 09:49:15,443-0500 INFO  vdl:execute START thread=0-3-37-1 tr=cka
2012-06-18 09:49:15,443-0500 INFO  vdl:execute START thread=0-3-31-1 tr=cka
2012-06-18 09:49:15,442-0500 INFO  vdl:execute START thread=0-3-19-1 tr=cka
2012-06-18 09:49:15,442-0500 INFO  vdl:execute START thread=0-3-41-1 tr=cka
2012-06-18 09:49:15,442-0500 INFO  vdl:execute START thread=0-3-58-1 tr=cka
2012-06-18 09:49:15,441-0500 INFO  vdl:execute START thread=0-3-33-1 tr=cka
2012-06-18 09:49:15,446-0500 INFO  vdl:execute START thread=0-3-39-1 tr=cka
2012-06-18 09:49:15,479-0500 INFO  WeightedHostScoreScheduler CONTACT_SELECTED host=localhost, score=99.854
2012-06-18 09:49:15,481-0500 INFO  GlobalSubmitQueue No global submit throttle set. Using default (1024)
2012-06-18 09:49:15,483-0500 INFO  LateBindingScheduler JobQueue: 63
2012-06-18 09:49:15,485-0500 INFO  LateBindingScheduler JobQueue: 63
2012-06-18 09:49:15,487-0500 INFO  vdl:initshareddir START host=localhost - Initializing shared directory
2012-06-18 09:49:15,490-0500 INFO  LateBindingScheduler JobQueue: 63
2012-06-18 09:49:15,504-0500 INFO  LateBindingScheduler JobQueue: 63
2012-06-18 09:49:15,507-0500 INFO  LateBindingScheduler JobQueue: 63
2012-06-18 09:49:15,509-0500 INFO  LateBindingScheduler JobQueue: 63
2012-06-18 09:49:15,512-0500 INFO  LateBindingScheduler JobQueue: 63
2012-06-18 09:49:15,518-0500 INFO  LateBindingScheduler JobQueue: 63
2012-06-18 09:49:15,521-0500 INFO  vdl:initshareddir END host=localhost - Done initializing shared directory
2012-06-18 09:49:15,525-0500 DEBUG vdl:execute2 THREAD_ASSOCIATION jobid=cka-6j9vqysk thread=0-3-11-1-1 host=localhost replicationGroup=lh9vqysk
2012-06-18 09:49:15,535-0500 INFO  vdl:createdirset START jobid=cka-6j9vqysk host=localhost - Initializing directory structure
2012-06-18 09:49:15,536-0500 INFO  vdl:createdirset END jobid=cka-6j9vqysk - Done initializing directory structure
2012-06-18 09:49:15,536-0500 INFO  vdl:dostagein START jobid=cka-6j9vqysk - Staging in files
2012-06-18 09:49:15,539-0500 INFO  vdl:dostagein END jobid=cka-6j9vqysk - Staging in finished
2012-06-18 09:49:15,540-0500 DEBUG vdl:execute2 JOB_START jobid=cka-6j9vqysk tr=cka arguments=[-nkernels=, 16.0, -kernel_time=, 100.0] tmpdir=gpu-20120618-0949-oalt2gn4/jobs/6/cka-6j9vqysk host=localhost
2012-06-18 09:49:15,542-0500 DEBUG textfiles BEGIN TC:
#This is the transformation catalog.
#
#It comes pre-configured with a number of simple transformations with
#paths that are likely to work on a linux box. However, on some systems,
#the paths to these executables will be different (for example, sometimes
#some of these programs are found in /usr/bin rather than in /bin)
#
#NOTE WELL: fields in this file must be separated by tabs, not spaces; and
#there must be no trailing whitespace at the end of each line.
#
# sitename  transformation  path   INSTALLED  platform  profiles
localhost 	echo 		/bin/echo	INSTALLED	INTEL32::LINUX	null
localhost 	cat 		/bin/cat	INSTALLED	INTEL32::LINUX	null
localhost 	ls 		/bin/ls		INSTALLED	INTEL32::LINUX	null
localhost 	grep 		/bin/grep	INSTALLED	INTEL32::LINUX	null
localhost 	sort 		/bin/sort	INSTALLED	INTEL32::LINUX	null
localhost 	paste 		/bin/paste	INSTALLED	INTEL32::LINUX	null
localhost 	cp 		/bin/cp         INSTALLED	INTEL32::LINUX	null
localhost 	touch 		/bin/touch      INSTALLED	INTEL32::LINUX	null
localhost	wc		/usr/bin/wc	INSTALLED	INTEL32::LINUX	null
localhost	sh		/bin/wc		INSTALLED	INTEL32::LINUX	null
localhost	cka		/home/skrieder/gpu-test/cka	INSTALLED	INTEL32::LINUX	null



2012-06-18 09:49:15,542-0500 DEBUG textfiles END TC:
2012-06-18 09:49:15,550-0500 INFO  GridExec TASK_DEFINITION: Task(type=JOB_SUBMISSION, identity=urn:0-3-11-1-1-1340030954489) is /bin/bash shared/_swiftwrap cka-6j9vqysk -jobdir 6 -scratch  -e /home/skrieder/gpu-test/cka -out 11.result -err stderr.txt -i -d  -if  -of 11.result -k  -cdmfile  -status files -a -nkernels= 16 -kernel_time= 100
2012-06-18 09:49:15,571-0500 INFO  JobSubmissionTaskHandler Submit: in: /var/tmp/gpu-20120618-0949-oalt2gn4 command: /bin/bash /var/tmp/gpu-20120618-0949-oalt2gn4/shared/_swiftwrap cka-6j9vqysk -jobdir 6 -scratch  -e /home/skrieder/gpu-test/cka -out 11.result -err stderr.txt -i -d  -if  -of 11.result -k  -cdmfile  -status files -a -nkernels= 16 -kernel_time= 100
2012-06-18 09:49:15,826-0500 INFO  LateBindingScheduler JobQueue: 63
2012-06-18 09:49:15,831-0500 DEBUG vdl:checkjobstatus START jobid=cka-6j9vqysk
2012-06-18 09:49:15,834-0500 INFO  LateBindingScheduler JobQueue: 63
2012-06-18 09:49:15,835-0500 INFO  vdl:checkjobstatus SUCCESS jobid=cka-6j9vqysk - Success file found
2012-06-18 09:49:15,837-0500 DEBUG vdl:execute2 STAGING_OUT jobid=cka-6j9vqysk
2012-06-18 09:49:15,839-0500 INFO  vdl:dostageout START jobid=cka-6j9vqysk - Staging out files
2012-06-18 09:49:15,839-0500 DEBUG vdl:dostageout stageouts: [[$, c:countfile - Open]]
2012-06-18 09:49:15,847-0500 DEBUG vdl:dostageout FILE_STAGE_OUT_START srcname=11.result srcdir=gpu-20120618-0949-oalt2gn4/shared/ srchost=localhost destdir= desthost=localhost provider=file
2012-06-18 09:49:15,852-0500 INFO  LateBindingScheduler JobQueue: 63
2012-06-18 09:49:15,871-0500 INFO  LateBindingScheduler JobQueue: 63
2012-06-18 09:49:15,872-0500 DEBUG vdl:dostageout FILE_STAGE_OUT_END srcname=11.result srcdir=gpu-20120618-0949-oalt2gn4/shared/ srchost=localhost destdir= desthost=localhost provider=file
2012-06-18 09:49:15,879-0500 INFO  LateBindingScheduler JobQueue: 63
2012-06-18 09:49:15,891-0500 INFO  vdl:dostageout END jobid=cka-6j9vqysk - Staging out finished
2012-06-18 09:49:15,896-0500 DEBUG vdl:execute2 JOB_END jobid=cka-6j9vqysk
2012-06-18 09:49:15,898-0500 INFO  vdl:execute END_SUCCESS thread=0-3-11-1 tr=cka
2012-06-18 09:49:15,899-0500 DEBUG countwords PROCEDURE_END line=4
2012-06-18 09:49:15,902-0500 DEBUG vdl:mains FOREACH_IT_END line=15 thread=0-3-11
