2012-06-13 15:45:55,952-0500 DEBUG Loader arguments: [-tc.file, tc.data, -sites.file, sites/1-throttle-sites.xml, gpu.swift, -nkernels=1, -kernel_time=100]
2012-06-13 15:45:55,952-0500 DEBUG Loader Max heap: 252248064
2012-06-13 15:45:55,953-0500 DEBUG textfiles BEGIN SWIFTSCRIPT:
type messagefile; 
type countfile; 

app (countfile t) countwords (int nk, int time) {   
     cka "-nkernels="nk "-kernel_time="time stdout=@filename(t);
}

int nKernels = @toint(@arg("nkernels","1"));
int sleepTime = @toint(@arg("kernel_time","1"));

string inputNames = "scott3a.sh scott3a.sh scott3a.sh scott3a.sh scott3a.sh scott3a.sh scott3a.sh scott3a.sh scott3a.sh scott3a.sh scott3a.sh scott3a.sh scott3a.sh scott3a.sh scott3a.sh scott3a.sh scott3a.sh scott3a.sh scott3a.sh scott3a.sh scott3a.sh scott3a.sh scott3a.sh scott3a.sh scott3a.sh scott3a.sh scott3a.sh scott3a.sh scott3a.sh scott3a.sh scott3a.sh scott3a.sh scott3a.sh scott3a.sh scott3a.sh scott3a.sh scott3a.sh scott3a.sh scott3a.sh scott3a.sh scott3a.sh scott3a.sh scott3a.sh scott3a.sh scott3a.sh scott3a.sh scott3a.sh scott3a.sh scott3a.sh scott3a.sh scott3a.sh scott3a.sh scott3a.sh scott3a.sh scott3a.sh scott3a.sh scott3a.sh scott3a.sh scott3a.sh scott3a.sh scott3a.sh scott3a.sh scott3a.sh scott3a.sh";

messagefile inputfiles[] <fixed_array_mapper;files=inputNames>;

foreach f,i in inputfiles {
  countfile c <single_file_mapper; file=@strcat(i, ".result")>;
  c = countwords(nKernels, sleepTime);
}


2012-06-13 15:45:55,953-0500 DEBUG textfiles END SWIFTSCRIPT:
2012-06-13 15:45:55,954-0500 INFO  Loader gpu.swift: source file is new. Recompiling.
2012-06-13 15:45:56,521-0500 INFO  Karajan Validation of XML intermediate file was successful
2012-06-13 15:45:56,719-0500 DEBUG Loader setting: sites.file to: sites/1-throttle-sites.xml
2012-06-13 15:45:56,719-0500 DEBUG Loader setting: tc.file to: tc.data
2012-06-13 15:45:56,719-0500 DEBUG textfiles BEGIN SITES:
<config>

  <pool handle="localhost">
    <filesystem provider="local" />
    <execution provider="local" />
    <workdirectory >/var/tmp</workdirectory>
    <profile namespace="karajan" key="jobThrottle">0</profile>
    <profile namespace="karajan" key="initialScore">10000</profile>
  </pool>

</config>


2012-06-13 15:45:56,719-0500 DEBUG textfiles END SITES:
2012-06-13 15:45:56,723-0500 INFO  VDL2ExecutionContext Stack dump:
Level 1
[iA = 0, iB = 0, bA = false, bB = false]
	vdl:instanceconfig = Swift configuration []
	vdl:operation = run
	swift.home = /usr/local/swift/bin/..
	PATH_SEPARATOR = /


2012-06-13 15:45:57,366-0500 INFO  unknown Using sites file: sites/1-throttle-sites.xml
2012-06-13 15:45:57,402-0500 INFO  unknown Using tc.data: tc.data
2012-06-13 15:45:57,506-0500 INFO  AbstractScheduler Setting resources to: {localhost=localhost}
2012-06-13 15:45:58,160-0500 INFO  unknown Swift 0.93 swift-r5483 cog-r3339

2012-06-13 15:45:58,162-0500 INFO  unknown RUNID id=run:20120613-1545-glcb7gbe
2012-06-13 15:45:58,216-0500 INFO  SetFieldValue Set: inputNames=scott3a.sh scott3a.sh scott3a.sh scott3a.sh scott3a.sh scott3a.sh scott3a.sh scott3a.sh scott3a.sh scott3a.sh scott3a.sh scott3a.sh scott3a.sh scott3a.sh scott3a.sh scott3a.sh scott3a.sh scott3a.sh scott3a.sh scott3a.sh scott3a.sh scott3a.sh scott3a.sh scott3a.sh scott3a.sh scott3a.sh scott3a.sh scott3a.sh scott3a.sh scott3a.sh scott3a.sh scott3a.sh scott3a.sh scott3a.sh scott3a.sh scott3a.sh scott3a.sh scott3a.sh scott3a.sh scott3a.sh scott3a.sh scott3a.sh scott3a.sh scott3a.sh scott3a.sh scott3a.sh scott3a.sh scott3a.sh scott3a.sh scott3a.sh scott3a.sh scott3a.sh scott3a.sh scott3a.sh scott3a.sh scott3a.sh scott3a.sh scott3a.sh scott3a.sh scott3a.sh scott3a.sh scott3a.sh scott3a.sh scott3a.sh
2012-06-13 15:45:58,218-0500 INFO  VDLFunction FUNCTION: arg()
2012-06-13 15:45:58,218-0500 INFO  VDLFunction FUNCTION: arg()
2012-06-13 15:45:58,218-0500 INFO  VDLFunction FUNCTION: toint()
2012-06-13 15:45:58,219-0500 INFO  VDLFunction FUNCTION: toint()
2012-06-13 15:45:58,219-0500 INFO  SetFieldValue Set: sleepTime=100.0
2012-06-13 15:45:58,219-0500 INFO  SetFieldValue Set: nKernels=1.0
2012-06-13 15:45:58,236-0500 INFO  RootDataNode Found data inputfiles:messagefile[] - Open.[0]
2012-06-13 15:45:58,237-0500 INFO  RootDataNode Found data inputfiles:messagefile[] - Open.[1]
2012-06-13 15:45:58,237-0500 INFO  RootDataNode Found data inputfiles:messagefile[] - Open.[2]
2012-06-13 15:45:58,237-0500 INFO  RootDataNode Found data inputfiles:messagefile[] - Open.[3]
2012-06-13 15:45:58,237-0500 INFO  RootDataNode Found data inputfiles:messagefile[] - Open.[4]
2012-06-13 15:45:58,237-0500 INFO  RootDataNode Found data inputfiles:messagefile[] - Open.[5]
2012-06-13 15:45:58,237-0500 INFO  RootDataNode Found data inputfiles:messagefile[] - Open.[6]
2012-06-13 15:45:58,237-0500 INFO  RootDataNode Found data inputfiles:messagefile[] - Open.[7]
2012-06-13 15:45:58,237-0500 INFO  RootDataNode Found data inputfiles:messagefile[] - Open.[8]
2012-06-13 15:45:58,237-0500 INFO  RootDataNode Found data inputfiles:messagefile[] - Open.[9]
2012-06-13 15:45:58,237-0500 INFO  RootDataNode Found data inputfiles:messagefile[] - Open.[10]
2012-06-13 15:45:58,237-0500 INFO  RootDataNode Found data inputfiles:messagefile[] - Open.[11]
2012-06-13 15:45:58,237-0500 INFO  RootDataNode Found data inputfiles:messagefile[] - Open.[12]
2012-06-13 15:45:58,237-0500 INFO  RootDataNode Found data inputfiles:messagefile[] - Open.[13]
2012-06-13 15:45:58,238-0500 INFO  RootDataNode Found data inputfiles:messagefile[] - Open.[14]
2012-06-13 15:45:58,238-0500 INFO  RootDataNode Found data inputfiles:messagefile[] - Open.[15]
2012-06-13 15:45:58,238-0500 INFO  RootDataNode Found data inputfiles:messagefile[] - Open.[16]
2012-06-13 15:45:58,238-0500 INFO  RootDataNode Found data inputfiles:messagefile[] - Open.[17]
2012-06-13 15:45:58,238-0500 INFO  RootDataNode Found data inputfiles:messagefile[] - Open.[18]
2012-06-13 15:45:58,238-0500 INFO  RootDataNode Found data inputfiles:messagefile[] - Open.[19]
2012-06-13 15:45:58,238-0500 INFO  RootDataNode Found data inputfiles:messagefile[] - Open.[20]
2012-06-13 15:45:58,238-0500 INFO  RootDataNode Found data inputfiles:messagefile[] - Open.[21]
2012-06-13 15:45:58,238-0500 INFO  RootDataNode Found data inputfiles:messagefile[] - Open.[22]
2012-06-13 15:45:58,238-0500 INFO  RootDataNode Found data inputfiles:messagefile[] - Open.[23]
2012-06-13 15:45:58,238-0500 INFO  RootDataNode Found data inputfiles:messagefile[] - Open.[24]
2012-06-13 15:45:58,238-0500 INFO  RootDataNode Found data inputfiles:messagefile[] - Open.[25]
2012-06-13 15:45:58,239-0500 INFO  RootDataNode Found data inputfiles:messagefile[] - Open.[26]
2012-06-13 15:45:58,239-0500 INFO  RootDataNode Found data inputfiles:messagefile[] - Open.[27]
2012-06-13 15:45:58,239-0500 INFO  RootDataNode Found data inputfiles:messagefile[] - Open.[28]
2012-06-13 15:45:58,239-0500 INFO  RootDataNode Found data inputfiles:messagefile[] - Open.[29]
2012-06-13 15:45:58,239-0500 INFO  RootDataNode Found data inputfiles:messagefile[] - Open.[30]
2012-06-13 15:45:58,239-0500 INFO  RootDataNode Found data inputfiles:messagefile[] - Open.[31]
2012-06-13 15:45:58,239-0500 INFO  RootDataNode Found data inputfiles:messagefile[] - Open.[32]
2012-06-13 15:45:58,239-0500 INFO  RootDataNode Found data inputfiles:messagefile[] - Open.[33]
2012-06-13 15:45:58,239-0500 INFO  RootDataNode Found data inputfiles:messagefile[] - Open.[34]
2012-06-13 15:45:58,239-0500 INFO  RootDataNode Found data inputfiles:messagefile[] - Open.[35]
2012-06-13 15:45:58,239-0500 INFO  RootDataNode Found data inputfiles:messagefile[] - Open.[36]
2012-06-13 15:45:58,239-0500 INFO  RootDataNode Found data inputfiles:messagefile[] - Open.[37]
2012-06-13 15:45:58,240-0500 INFO  RootDataNode Found data inputfiles:messagefile[] - Open.[38]
2012-06-13 15:45:58,240-0500 INFO  RootDataNode Found data inputfiles:messagefile[] - Open.[39]
2012-06-13 15:45:58,240-0500 INFO  RootDataNode Found data inputfiles:messagefile[] - Open.[40]
2012-06-13 15:45:58,240-0500 INFO  RootDataNode Found data inputfiles:messagefile[] - Open.[41]
2012-06-13 15:45:58,240-0500 INFO  RootDataNode Found data inputfiles:messagefile[] - Open.[42]
2012-06-13 15:45:58,240-0500 INFO  RootDataNode Found data inputfiles:messagefile[] - Open.[43]
2012-06-13 15:45:58,240-0500 INFO  RootDataNode Found data inputfiles:messagefile[] - Open.[44]
2012-06-13 15:45:58,240-0500 INFO  RootDataNode Found data inputfiles:messagefile[] - Open.[45]
2012-06-13 15:45:58,240-0500 INFO  RootDataNode Found data inputfiles:messagefile[] - Open.[46]
2012-06-13 15:45:58,240-0500 INFO  RootDataNode Found data inputfiles:messagefile[] - Open.[47]
2012-06-13 15:45:58,240-0500 INFO  RootDataNode Found data inputfiles:messagefile[] - Open.[48]
2012-06-13 15:45:58,240-0500 INFO  RootDataNode Found data inputfiles:messagefile[] - Open.[49]
2012-06-13 15:45:58,241-0500 INFO  RootDataNode Found data inputfiles:messagefile[] - Open.[50]
2012-06-13 15:45:58,241-0500 INFO  RootDataNode Found data inputfiles:messagefile[] - Open.[51]
2012-06-13 15:45:58,241-0500 INFO  RootDataNode Found data inputfiles:messagefile[] - Open.[52]
2012-06-13 15:45:58,241-0500 INFO  RootDataNode Found data inputfiles:messagefile[] - Open.[53]
2012-06-13 15:45:58,241-0500 INFO  RootDataNode Found data inputfiles:messagefile[] - Open.[54]
2012-06-13 15:45:58,241-0500 INFO  RootDataNode Found data inputfiles:messagefile[] - Open.[55]
2012-06-13 15:45:58,241-0500 INFO  RootDataNode Found data inputfiles:messagefile[] - Open.[56]
2012-06-13 15:45:58,241-0500 INFO  RootDataNode Found data inputfiles:messagefile[] - Open.[57]
2012-06-13 15:45:58,241-0500 INFO  RootDataNode Found data inputfiles:messagefile[] - Open.[58]
2012-06-13 15:45:58,241-0500 INFO  RootDataNode Found data inputfiles:messagefile[] - Open.[59]
2012-06-13 15:45:58,241-0500 INFO  RootDataNode Found data inputfiles:messagefile[] - Open.[60]
2012-06-13 15:45:58,242-0500 INFO  RootDataNode Found data inputfiles:messagefile[] - Open.[61]
2012-06-13 15:45:58,242-0500 INFO  RootDataNode Found data inputfiles:messagefile[] - Open.[62]
2012-06-13 15:45:58,242-0500 INFO  RootDataNode Found data inputfiles:messagefile[] - Open.[63]
2012-06-13 15:45:58,247-0500 DEBUG vdl:mains FOREACH_IT_START line=15 thread=0-3-0
2012-06-13 15:45:58,247-0500 DEBUG vdl:mains FOREACH_IT_START line=15 thread=0-3-2
2012-06-13 15:45:58,247-0500 DEBUG vdl:mains FOREACH_IT_START line=15 thread=0-3-1
2012-06-13 15:45:58,247-0500 DEBUG vdl:mains FOREACH_IT_START line=15 thread=0-3-5
2012-06-13 15:45:58,247-0500 DEBUG vdl:mains FOREACH_IT_START line=15 thread=0-3-8
2012-06-13 15:45:58,248-0500 DEBUG vdl:mains FOREACH_IT_START line=15 thread=0-3-7
2012-06-13 15:45:58,248-0500 DEBUG vdl:mains SCOPE thread=0-3-2
2012-06-13 15:45:58,247-0500 DEBUG vdl:mains FOREACH_IT_START line=15 thread=0-3-3
2012-06-13 15:45:58,248-0500 DEBUG vdl:mains SCOPE thread=0-3-8
2012-06-13 15:45:58,248-0500 DEBUG vdl:mains SCOPE thread=0-3-7
2012-06-13 15:45:58,248-0500 DEBUG vdl:mains SCOPE thread=0-3-0
2012-06-13 15:45:58,248-0500 DEBUG vdl:mains SCOPE thread=0-3-5
2012-06-13 15:45:58,248-0500 DEBUG vdl:mains FOREACH_IT_START line=15 thread=0-3-9
2012-06-13 15:45:58,248-0500 DEBUG vdl:mains SCOPE thread=0-3-1
2012-06-13 15:45:58,247-0500 DEBUG vdl:mains FOREACH_IT_START line=15 thread=0-3-4
2012-06-13 15:45:58,252-0500 DEBUG vdl:mains FOREACH_IT_START line=15 thread=0-3-13
2012-06-13 15:45:58,247-0500 DEBUG vdl:mains FOREACH_IT_START line=15 thread=0-3-6
2012-06-13 15:45:58,253-0500 DEBUG vdl:mains FOREACH_IT_START line=15 thread=0-3-12
2012-06-13 15:45:58,253-0500 DEBUG vdl:mains FOREACH_IT_START line=15 thread=0-3-15
2012-06-13 15:45:58,253-0500 DEBUG vdl:mains FOREACH_IT_START line=15 thread=0-3-18
2012-06-13 15:45:58,254-0500 DEBUG vdl:mains FOREACH_IT_START line=15 thread=0-3-17
2012-06-13 15:45:58,253-0500 DEBUG vdl:mains FOREACH_IT_START line=15 thread=0-3-11
2012-06-13 15:45:58,254-0500 DEBUG vdl:mains FOREACH_IT_START line=15 thread=0-3-21
2012-06-13 15:45:58,255-0500 DEBUG vdl:mains FOREACH_IT_START line=15 thread=0-3-20
2012-06-13 15:45:58,250-0500 DEBUG vdl:mains SCOPE thread=0-3-3
2012-06-13 15:45:58,255-0500 DEBUG vdl:mains FOREACH_IT_START line=15 thread=0-3-22
2012-06-13 15:45:58,255-0500 DEBUG vdl:mains FOREACH_IT_START line=15 thread=0-3-24
2012-06-13 15:45:58,256-0500 DEBUG vdl:mains SCOPE thread=0-3-4
2012-06-13 15:45:58,256-0500 DEBUG vdl:mains FOREACH_IT_START line=15 thread=0-3-26
2012-06-13 15:45:58,255-0500 DEBUG vdl:mains FOREACH_IT_START line=15 thread=0-3-23
2012-06-13 15:45:58,254-0500 DEBUG vdl:mains FOREACH_IT_START line=15 thread=0-3-19
2012-06-13 15:45:58,257-0500 DEBUG vdl:mains FOREACH_IT_START line=15 thread=0-3-25
2012-06-13 15:45:58,254-0500 DEBUG vdl:mains FOREACH_IT_START line=15 thread=0-3-10
2012-06-13 15:45:58,258-0500 DEBUG vdl:mains FOREACH_IT_START line=15 thread=0-3-30
2012-06-13 15:45:58,258-0500 DEBUG vdl:mains SCOPE thread=0-3-12
2012-06-13 15:45:58,254-0500 DEBUG vdl:mains FOREACH_IT_START line=15 thread=0-3-16
2012-06-13 15:45:58,253-0500 DEBUG vdl:mains SCOPE thread=0-3-9
2012-06-13 15:45:58,253-0500 DEBUG vdl:mains FOREACH_IT_START line=15 thread=0-3-14
2012-06-13 15:45:58,259-0500 DEBUG vdl:mains FOREACH_IT_START line=15 thread=0-3-33
2012-06-13 15:45:58,258-0500 DEBUG vdl:mains FOREACH_IT_START line=15 thread=0-3-31
2012-06-13 15:45:58,258-0500 DEBUG vdl:mains SCOPE thread=0-3-15
2012-06-13 15:45:58,257-0500 DEBUG vdl:mains FOREACH_IT_START line=15 thread=0-3-32
2012-06-13 15:45:58,257-0500 DEBUG vdl:mains FOREACH_IT_START line=15 thread=0-3-29
2012-06-13 15:45:58,256-0500 DEBUG vdl:mains SCOPE thread=0-3-6
2012-06-13 15:45:58,256-0500 DEBUG vdl:mains FOREACH_IT_START line=15 thread=0-3-27
2012-06-13 15:45:58,256-0500 DEBUG vdl:mains SCOPE thread=0-3-13
2012-06-13 15:45:58,256-0500 DEBUG vdl:mains FOREACH_IT_START line=15 thread=0-3-28
2012-06-13 15:45:58,261-0500 DEBUG vdl:mains SCOPE thread=0-3-21
2012-06-13 15:45:58,260-0500 DEBUG vdl:mains SCOPE thread=0-3-11
2012-06-13 15:45:58,262-0500 DEBUG vdl:mains SCOPE thread=0-3-22
2012-06-13 15:45:58,262-0500 DEBUG vdl:mains SCOPE thread=0-3-24
2012-06-13 15:45:58,263-0500 DEBUG vdl:mains SCOPE thread=0-3-26
2012-06-13 15:45:58,260-0500 DEBUG vdl:mains FOREACH_IT_START line=15 thread=0-3-37
2012-06-13 15:45:58,260-0500 DEBUG vdl:mains SCOPE thread=0-3-17
2012-06-13 15:45:58,260-0500 DEBUG vdl:mains FOREACH_IT_START line=15 thread=0-3-36
2012-06-13 15:45:58,259-0500 DEBUG vdl:mains FOREACH_IT_START line=15 thread=0-3-35
2012-06-13 15:45:58,259-0500 DEBUG vdl:mains SCOPE thread=0-3-18
2012-06-13 15:45:58,259-0500 DEBUG vdl:mains FOREACH_IT_START line=15 thread=0-3-34
2012-06-13 15:45:58,264-0500 DEBUG vdl:mains SCOPE thread=0-3-14
2012-06-13 15:45:58,265-0500 DEBUG vdl:mains SCOPE thread=0-3-33
2012-06-13 15:45:58,264-0500 DEBUG vdl:mains SCOPE thread=0-3-16
2012-06-13 15:45:58,265-0500 DEBUG vdl:mains SCOPE thread=0-3-32
2012-06-13 15:45:58,266-0500 DEBUG vdl:mains SCOPE thread=0-3-27
2012-06-13 15:45:58,267-0500 DEBUG vdl:mains SCOPE thread=0-3-28
2012-06-13 15:45:58,267-0500 DEBUG vdl:mains FOREACH_IT_START line=15 thread=0-3-38
2012-06-13 15:45:58,268-0500 DEBUG vdl:mains FOREACH_IT_START line=15 thread=0-3-39
2012-06-13 15:45:58,268-0500 DEBUG vdl:mains FOREACH_IT_START line=15 thread=0-3-41
2012-06-13 15:45:58,263-0500 DEBUG vdl:mains SCOPE thread=0-3-10
2012-06-13 15:45:58,263-0500 DEBUG vdl:mains SCOPE thread=0-3-30
2012-06-13 15:45:58,263-0500 DEBUG vdl:mains SCOPE thread=0-3-25
2012-06-13 15:45:58,269-0500 DEBUG vdl:mains FOREACH_IT_START line=15 thread=0-3-47
2012-06-13 15:45:58,263-0500 DEBUG vdl:mains SCOPE thread=0-3-23
2012-06-13 15:45:58,263-0500 DEBUG vdl:mains SCOPE thread=0-3-19
2012-06-13 15:45:58,261-0500 DEBUG vdl:mains SCOPE thread=0-3-20
2012-06-13 15:45:58,270-0500 DEBUG vdl:mains FOREACH_IT_START line=15 thread=0-3-48
2012-06-13 15:45:58,270-0500 DEBUG vdl:mains FOREACH_IT_START line=15 thread=0-3-50
2012-06-13 15:45:58,269-0500 DEBUG vdl:mains FOREACH_IT_START line=15 thread=0-3-49
2012-06-13 15:45:58,269-0500 DEBUG vdl:mains FOREACH_IT_START line=15 thread=0-3-45
2012-06-13 15:45:58,269-0500 DEBUG vdl:mains FOREACH_IT_START line=15 thread=0-3-44
2012-06-13 15:45:58,269-0500 DEBUG vdl:mains FOREACH_IT_START line=15 thread=0-3-46
2012-06-13 15:45:58,268-0500 DEBUG vdl:mains FOREACH_IT_START line=15 thread=0-3-40
2012-06-13 15:45:58,268-0500 DEBUG vdl:mains FOREACH_IT_START line=15 thread=0-3-42
2012-06-13 15:45:58,268-0500 DEBUG vdl:mains FOREACH_IT_START line=15 thread=0-3-43
2012-06-13 15:45:58,266-0500 DEBUG vdl:mains SCOPE thread=0-3-29
2012-06-13 15:45:58,265-0500 DEBUG vdl:mains SCOPE thread=0-3-31
2012-06-13 15:45:58,273-0500 DEBUG vdl:mains FOREACH_IT_START line=15 thread=0-3-61
2012-06-13 15:45:58,273-0500 DEBUG vdl:mains SCOPE thread=0-3-37
2012-06-13 15:45:58,272-0500 DEBUG vdl:mains FOREACH_IT_START line=15 thread=0-3-59
2012-06-13 15:45:58,272-0500 DEBUG vdl:mains FOREACH_IT_START line=15 thread=0-3-57
2012-06-13 15:45:58,272-0500 DEBUG vdl:mains FOREACH_IT_START line=15 thread=0-3-58
2012-06-13 15:45:58,274-0500 DEBUG vdl:mains SCOPE thread=0-3-35
2012-06-13 15:45:58,271-0500 DEBUG vdl:mains FOREACH_IT_START line=15 thread=0-3-56
2012-06-13 15:45:58,271-0500 DEBUG vdl:mains FOREACH_IT_START line=15 thread=0-3-54
2012-06-13 15:45:58,271-0500 DEBUG vdl:mains FOREACH_IT_START line=15 thread=0-3-52
2012-06-13 15:45:58,271-0500 DEBUG vdl:mains FOREACH_IT_START line=15 thread=0-3-51
2012-06-13 15:45:58,276-0500 DEBUG vdl:mains SCOPE thread=0-3-38
2012-06-13 15:45:58,277-0500 DEBUG vdl:mains SCOPE thread=0-3-41
2012-06-13 15:45:58,277-0500 DEBUG vdl:mains SCOPE thread=0-3-47
2012-06-13 15:45:58,270-0500 DEBUG vdl:mains FOREACH_IT_START line=15 thread=0-3-53
2012-06-13 15:45:58,270-0500 DEBUG vdl:mains FOREACH_IT_START line=15 thread=0-3-55
2012-06-13 15:45:58,278-0500 DEBUG vdl:mains SCOPE thread=0-3-45
2012-06-13 15:45:58,278-0500 DEBUG vdl:mains SCOPE thread=0-3-48
2012-06-13 15:45:58,276-0500 DEBUG vdl:mains SCOPE thread=0-3-39
2012-06-13 15:45:58,278-0500 DEBUG vdl:mains SCOPE thread=0-3-40
2012-06-13 15:45:58,274-0500 DEBUG vdl:mains FOREACH_IT_START line=15 thread=0-3-63
2012-06-13 15:45:58,274-0500 DEBUG vdl:mains SCOPE thread=0-3-34
2012-06-13 15:45:58,274-0500 DEBUG vdl:mains SCOPE thread=0-3-36
2012-06-13 15:45:58,273-0500 DEBUG vdl:mains FOREACH_IT_START line=15 thread=0-3-62
2012-06-13 15:45:58,273-0500 DEBUG vdl:mains FOREACH_IT_START line=15 thread=0-3-60
2012-06-13 15:45:58,280-0500 DEBUG vdl:mains SCOPE thread=0-3-57
2012-06-13 15:45:58,279-0500 DEBUG vdl:mains SCOPE thread=0-3-59
2012-06-13 15:45:58,279-0500 DEBUG vdl:mains SCOPE thread=0-3-61
2012-06-13 15:45:58,278-0500 DEBUG vdl:mains SCOPE thread=0-3-50
2012-06-13 15:45:58,278-0500 DEBUG vdl:mains SCOPE thread=0-3-42
2012-06-13 15:45:58,278-0500 DEBUG vdl:mains SCOPE thread=0-3-43
2012-06-13 15:45:58,281-0500 DEBUG vdl:mains SCOPE thread=0-3-51
2012-06-13 15:45:58,278-0500 DEBUG vdl:mains SCOPE thread=0-3-46
2012-06-13 15:45:58,282-0500 DEBUG vdl:mains SCOPE thread=0-3-55
2012-06-13 15:45:58,283-0500 DEBUG vdl:mains SCOPE thread=0-3-63
2012-06-13 15:45:58,283-0500 DEBUG vdl:mains SCOPE thread=0-3-60
2012-06-13 15:45:58,278-0500 DEBUG vdl:mains SCOPE thread=0-3-44
2012-06-13 15:45:58,278-0500 DEBUG vdl:mains SCOPE thread=0-3-49
2012-06-13 15:45:58,283-0500 DEBUG vdl:mains SCOPE thread=0-3-62
2012-06-13 15:45:58,282-0500 DEBUG vdl:mains SCOPE thread=0-3-53
2012-06-13 15:45:58,280-0500 DEBUG vdl:mains SCOPE thread=0-3-52
2012-06-13 15:45:58,280-0500 DEBUG vdl:mains SCOPE thread=0-3-54
2012-06-13 15:45:58,280-0500 DEBUG vdl:mains SCOPE thread=0-3-56
2012-06-13 15:45:58,280-0500 DEBUG vdl:mains SCOPE thread=0-3-58
2012-06-13 15:45:58,312-0500 INFO  SetFieldValue Set: swift#mapper#17006=2.result
2012-06-13 15:45:58,312-0500 INFO  SetFieldValue Set: swift#mapper#17006=8.result
2012-06-13 15:45:58,312-0500 INFO  SetFieldValue Set: swift#mapper#17006=1.result
2012-06-13 15:45:58,313-0500 INFO  SetFieldValue Set: swift#mapper#17006=0.result
2012-06-13 15:45:58,312-0500 INFO  SetFieldValue Set: swift#mapper#17006=7.result
2012-06-13 15:45:58,314-0500 INFO  SetFieldValue Set: swift#mapper#17006=15.result
2012-06-13 15:45:58,315-0500 INFO  SetFieldValue Set: swift#mapper#17006=5.result
2012-06-13 15:45:58,318-0500 INFO  SetFieldValue Set: swift#mapper#17006=9.result
2012-06-13 15:45:58,319-0500 INFO  SetFieldValue Set: swift#mapper#17006=17.result
2012-06-13 15:45:58,319-0500 INFO  SetFieldValue Set: swift#mapper#17006=13.result
2012-06-13 15:45:58,319-0500 INFO  SetFieldValue Set: swift#mapper#17006=26.result
2012-06-13 15:45:58,320-0500 INFO  SetFieldValue Set: swift#mapper#17006=3.result
2012-06-13 15:45:58,320-0500 INFO  SetFieldValue Set: swift#mapper#17006=21.result
2012-06-13 15:45:58,321-0500 INFO  SetFieldValue Set: swift#mapper#17006=24.result
2012-06-13 15:45:58,321-0500 INFO  SetFieldValue Set: swift#mapper#17006=4.result
2012-06-13 15:45:58,321-0500 INFO  SetFieldValue Set: swift#mapper#17006=28.result
2012-06-13 15:45:58,322-0500 INFO  SetFieldValue Set: swift#mapper#17006=25.result
2012-06-13 15:45:58,322-0500 INFO  SetFieldValue Set: swift#mapper#17006=12.result
2012-06-13 15:45:58,322-0500 INFO  SetFieldValue Set: swift#mapper#17006=10.result
2012-06-13 15:45:58,322-0500 INFO  SetFieldValue Set: swift#mapper#17006=16.result
2012-06-13 15:45:58,322-0500 INFO  SetFieldValue Set: swift#mapper#17006=6.result
2012-06-13 15:45:58,322-0500 INFO  SetFieldValue Set: swift#mapper#17006=11.result
2012-06-13 15:45:58,322-0500 INFO  SetFieldValue Set: swift#mapper#17006=27.result
2012-06-13 15:45:58,323-0500 INFO  SetFieldValue Set: swift#mapper#17006=22.result
2012-06-13 15:45:58,323-0500 INFO  SetFieldValue Set: swift#mapper#17006=37.result
2012-06-13 15:45:58,324-0500 INFO  SetFieldValue Set: swift#mapper#17006=35.result
2012-06-13 15:45:58,324-0500 INFO  SetFieldValue Set: swift#mapper#17006=32.result
2012-06-13 15:45:58,324-0500 INFO  SetFieldValue Set: swift#mapper#17006=39.result
2012-06-13 15:45:58,325-0500 INFO  SetFieldValue Set: swift#mapper#17006=30.result
2012-06-13 15:45:58,325-0500 INFO  SetFieldValue Set: swift#mapper#17006=48.result
2012-06-13 15:45:58,325-0500 INFO  SetFieldValue Set: swift#mapper#17006=33.result
2012-06-13 15:45:58,325-0500 INFO  SetFieldValue Set: swift#mapper#17006=14.result
2012-06-13 15:45:58,326-0500 INFO  SetFieldValue Set: swift#mapper#17006=29.result
2012-06-13 15:45:58,326-0500 INFO  SetFieldValue Set: swift#mapper#17006=34.result
2012-06-13 15:45:58,326-0500 INFO  SetFieldValue Set: swift#mapper#17006=47.result
2012-06-13 15:45:58,326-0500 INFO  SetFieldValue Set: swift#mapper#17006=42.result
2012-06-13 15:45:58,326-0500 INFO  SetFieldValue Set: swift#mapper#17006=19.result
2012-06-13 15:45:58,326-0500 INFO  SetFieldValue Set: swift#mapper#17006=41.result
2012-06-13 15:45:58,326-0500 INFO  SetFieldValue Set: swift#mapper#17006=59.result
2012-06-13 15:45:58,326-0500 INFO  SetFieldValue Set: swift#mapper#17006=38.result
2012-06-13 15:45:58,327-0500 INFO  SetFieldValue Set: swift#mapper#17006=18.result
2012-06-13 15:45:58,328-0500 INFO  SetFieldValue Set: swift#mapper#17006=36.result
2012-06-13 15:45:58,328-0500 INFO  SetFieldValue Set: swift#mapper#17006=63.result
2012-06-13 15:45:58,328-0500 INFO  SetFieldValue Set: swift#mapper#17006=57.result
2012-06-13 15:45:58,329-0500 INFO  SetFieldValue Set: swift#mapper#17006=40.result
2012-06-13 15:45:58,329-0500 INFO  SetFieldValue Set: swift#mapper#17006=45.result
2012-06-13 15:45:58,329-0500 INFO  SetFieldValue Set: swift#mapper#17006=23.result
2012-06-13 15:45:58,330-0500 INFO  SetFieldValue Set: swift#mapper#17006=31.result
2012-06-13 15:45:58,330-0500 INFO  SetFieldValue Set: swift#mapper#17006=50.result
2012-06-13 15:45:58,332-0500 INFO  SetFieldValue Set: swift#mapper#17006=61.result
2012-06-13 15:45:58,332-0500 INFO  SetFieldValue Set: swift#mapper#17006=55.result
2012-06-13 15:45:58,333-0500 INFO  SetFieldValue Set: swift#mapper#17006=60.result
2012-06-13 15:45:58,333-0500 INFO  SetFieldValue Set: swift#mapper#17006=44.result
2012-06-13 15:45:58,333-0500 INFO  SetFieldValue Set: swift#mapper#17006=20.result
2012-06-13 15:45:58,333-0500 INFO  SetFieldValue Set: swift#mapper#17006=43.result
2012-06-13 15:45:58,333-0500 INFO  SetFieldValue Set: swift#mapper#17006=56.result
2012-06-13 15:45:58,334-0500 INFO  SetFieldValue Set: swift#mapper#17006=52.result
2012-06-13 15:45:58,334-0500 INFO  SetFieldValue Set: swift#mapper#17006=53.result
2012-06-13 15:45:58,334-0500 INFO  SetFieldValue Set: swift#mapper#17006=51.result
2012-06-13 15:45:58,335-0500 INFO  SetFieldValue Set: swift#mapper#17006=46.result
2012-06-13 15:45:58,335-0500 INFO  SetFieldValue Set: swift#mapper#17006=49.result
2012-06-13 15:45:58,336-0500 INFO  SetFieldValue Set: swift#mapper#17006=54.result
2012-06-13 15:45:58,336-0500 INFO  SetFieldValue Set: swift#mapper#17006=58.result
2012-06-13 15:45:58,337-0500 INFO  SetFieldValue Set: swift#mapper#17006=62.result
2012-06-13 15:45:58,344-0500 DEBUG countwords PROCEDURE line=4 thread=0-3-8-1 name=countwords
2012-06-13 15:45:58,344-0500 DEBUG countwords PROCEDURE line=4 thread=0-3-10-1 name=countwords
2012-06-13 15:45:58,344-0500 DEBUG countwords PROCEDURE line=4 thread=0-3-16-1 name=countwords
2012-06-13 15:45:58,345-0500 DEBUG countwords PROCEDURE line=4 thread=0-3-28-1 name=countwords
2012-06-13 15:45:58,345-0500 DEBUG countwords PROCEDURE line=4 thread=0-3-21-1 name=countwords
2012-06-13 15:45:58,344-0500 DEBUG countwords PROCEDURE line=4 thread=0-3-0-1 name=countwords
2012-06-13 15:45:58,345-0500 DEBUG countwords PROCEDURE line=4 thread=0-3-35-1 name=countwords
2012-06-13 15:45:58,344-0500 DEBUG countwords PROCEDURE line=4 thread=0-3-7-1 name=countwords
2012-06-13 15:45:58,344-0500 DEBUG countwords PROCEDURE line=4 thread=0-3-9-1 name=countwords
2012-06-13 15:45:58,345-0500 DEBUG countwords PROCEDURE line=4 thread=0-3-17-1 name=countwords
2012-06-13 15:45:58,345-0500 DEBUG countwords PROCEDURE line=4 thread=0-3-3-1 name=countwords
2012-06-13 15:45:58,345-0500 DEBUG countwords PROCEDURE line=4 thread=0-3-39-1 name=countwords
2012-06-13 15:45:58,345-0500 DEBUG countwords PROCEDURE line=4 thread=0-3-22-1 name=countwords
2012-06-13 15:45:58,345-0500 DEBUG countwords PROCEDURE line=4 thread=0-3-15-1 name=countwords
2012-06-13 15:45:58,345-0500 DEBUG countwords PROCEDURE line=4 thread=0-3-4-1 name=countwords
2012-06-13 15:45:58,345-0500 DEBUG countwords PROCEDURE line=4 thread=0-3-11-1 name=countwords
2012-06-13 15:45:58,346-0500 DEBUG countwords PROCEDURE line=4 thread=0-3-27-1 name=countwords
2012-06-13 15:45:58,346-0500 DEBUG countwords PROCEDURE line=4 thread=0-3-47-1 name=countwords
2012-06-13 15:45:58,346-0500 DEBUG countwords PROCEDURE line=4 thread=0-3-48-1 name=countwords
2012-06-13 15:45:58,347-0500 DEBUG countwords PROCEDURE line=4 thread=0-3-29-1 name=countwords
2012-06-13 15:45:58,347-0500 DEBUG countwords PROCEDURE line=4 thread=0-3-34-1 name=countwords
2012-06-13 15:45:58,345-0500 DEBUG countwords PROCEDURE line=4 thread=0-3-24-1 name=countwords
2012-06-13 15:45:58,344-0500 DEBUG countwords PROCEDURE line=4 thread=0-3-1-1 name=countwords
2012-06-13 15:45:58,344-0500 DEBUG countwords PROCEDURE line=4 thread=0-3-6-1 name=countwords
2012-06-13 15:45:58,347-0500 DEBUG countwords PROCEDURE line=4 thread=0-3-33-1 name=countwords
2012-06-13 15:45:58,347-0500 DEBUG countwords PROCEDURE line=4 thread=0-3-18-1 name=countwords
2012-06-13 15:45:58,348-0500 DEBUG countwords PROCEDURE line=4 thread=0-3-38-1 name=countwords
2012-06-13 15:45:58,347-0500 DEBUG countwords PROCEDURE line=4 thread=0-3-14-1 name=countwords
2012-06-13 15:45:58,347-0500 DEBUG countwords PROCEDURE line=4 thread=0-3-30-1 name=countwords
2012-06-13 15:45:58,347-0500 DEBUG countwords PROCEDURE line=4 thread=0-3-42-1 name=countwords
2012-06-13 15:45:58,346-0500 DEBUG countwords PROCEDURE line=4 thread=0-3-13-1 name=countwords
2012-06-13 15:45:58,346-0500 DEBUG countwords PROCEDURE line=4 thread=0-3-41-1 name=countwords
2012-06-13 15:45:58,346-0500 DEBUG countwords PROCEDURE line=4 thread=0-3-12-1 name=countwords
2012-06-13 15:45:58,345-0500 DEBUG countwords PROCEDURE line=4 thread=0-3-26-1 name=countwords
2012-06-13 15:45:58,345-0500 DEBUG countwords PROCEDURE line=4 thread=0-3-32-1 name=countwords
2012-06-13 15:45:58,350-0500 DEBUG countwords PROCEDURE line=4 thread=0-3-5-1 name=countwords
2012-06-13 15:45:58,350-0500 DEBUG countwords PROCEDURE line=4 thread=0-3-25-1 name=countwords
2012-06-13 15:45:58,350-0500 DEBUG countwords PROCEDURE line=4 thread=0-3-43-1 name=countwords
2012-06-13 15:45:58,351-0500 DEBUG countwords PROCEDURE line=4 thread=0-3-2-1 name=countwords
2012-06-13 15:45:58,351-0500 DEBUG countwords PROCEDURE line=4 thread=0-3-53-1 name=countwords
2012-06-13 15:45:58,351-0500 DEBUG countwords PROCEDURE line=4 thread=0-3-20-1 name=countwords
2012-06-13 15:45:58,350-0500 DEBUG countwords PROCEDURE line=4 thread=0-3-36-1 name=countwords
2012-06-13 15:45:58,350-0500 DEBUG countwords PROCEDURE line=4 thread=0-3-40-1 name=countwords
2012-06-13 15:45:58,349-0500 DEBUG countwords PROCEDURE line=4 thread=0-3-45-1 name=countwords
2012-06-13 15:45:58,349-0500 DEBUG countwords PROCEDURE line=4 thread=0-3-63-1 name=countwords
2012-06-13 15:45:58,352-0500 DEBUG countwords PROCEDURE line=4 thread=0-3-51-1 name=countwords
2012-06-13 15:45:58,352-0500 DEBUG countwords PROCEDURE line=4 thread=0-3-55-1 name=countwords
2012-06-13 15:45:58,353-0500 DEBUG countwords PROCEDURE line=4 thread=0-3-37-1 name=countwords
2012-06-13 15:45:58,353-0500 DEBUG countwords PROCEDURE line=4 thread=0-3-52-1 name=countwords
2012-06-13 15:45:58,349-0500 DEBUG countwords PROCEDURE line=4 thread=0-3-19-1 name=countwords
2012-06-13 15:45:58,349-0500 DEBUG countwords PROCEDURE line=4 thread=0-3-31-1 name=countwords
2012-06-13 15:45:58,348-0500 DEBUG countwords PROCEDURE line=4 thread=0-3-59-1 name=countwords
2012-06-13 15:45:58,348-0500 DEBUG countwords PROCEDURE line=4 thread=0-3-57-1 name=countwords
2012-06-13 15:45:58,351-0500 DEBUG countwords PROCEDURE line=4 thread=0-3-50-1 name=countwords
2012-06-13 15:45:58,351-0500 DEBUG countwords PROCEDURE line=4 thread=0-3-61-1 name=countwords
2012-06-13 15:45:58,351-0500 DEBUG countwords PROCEDURE line=4 thread=0-3-44-1 name=countwords
2012-06-13 15:45:58,351-0500 DEBUG countwords PROCEDURE line=4 thread=0-3-60-1 name=countwords
2012-06-13 15:45:58,355-0500 DEBUG countwords PROCEDURE line=4 thread=0-3-23-1 name=countwords
2012-06-13 15:45:58,357-0500 DEBUG countwords PROCEDURE line=4 thread=0-3-49-1 name=countwords
2012-06-13 15:45:58,358-0500 DEBUG countwords PROCEDURE line=4 thread=0-3-56-1 name=countwords
2012-06-13 15:45:58,360-0500 DEBUG countwords PROCEDURE line=4 thread=0-3-54-1 name=countwords
2012-06-13 15:45:58,360-0500 DEBUG countwords PROCEDURE line=4 thread=0-3-62-1 name=countwords
2012-06-13 15:45:58,366-0500 DEBUG countwords PROCEDURE line=4 thread=0-3-58-1 name=countwords
2012-06-13 15:45:58,367-0500 DEBUG countwords PROCEDURE line=4 thread=0-3-46-1 name=countwords
2012-06-13 15:45:58,379-0500 INFO  vdl:execute START thread=0-3-3-1 tr=cka
2012-06-13 15:45:58,380-0500 INFO  vdl:execute START thread=0-3-7-1 tr=cka
2012-06-13 15:45:58,380-0500 INFO  vdl:execute START thread=0-3-22-1 tr=cka
2012-06-13 15:45:58,380-0500 INFO  vdl:execute START thread=0-3-21-1 tr=cka
2012-06-13 15:45:58,380-0500 INFO  vdl:execute START thread=0-3-15-1 tr=cka
2012-06-13 15:45:58,380-0500 INFO  vdl:execute START thread=0-3-19-1 tr=cka
2012-06-13 15:45:58,379-0500 INFO  vdl:execute START thread=0-3-36-1 tr=cka
2012-06-13 15:45:58,379-0500 INFO  vdl:execute START thread=0-3-33-1 tr=cka
2012-06-13 15:45:58,379-0500 INFO  vdl:execute START thread=0-3-5-1 tr=cka
2012-06-13 15:45:58,381-0500 INFO  vdl:execute START thread=0-3-4-1 tr=cka
2012-06-13 15:45:58,380-0500 INFO  vdl:execute START thread=0-3-20-1 tr=cka
2012-06-13 15:45:58,380-0500 INFO  vdl:execute START thread=0-3-55-1 tr=cka
2012-06-13 15:45:58,380-0500 INFO  vdl:execute START thread=0-3-1-1 tr=cka
2012-06-13 15:45:58,380-0500 INFO  vdl:execute START thread=0-3-35-1 tr=cka
2012-06-13 15:45:58,380-0500 INFO  vdl:execute START thread=0-3-63-1 tr=cka
2012-06-13 15:45:58,380-0500 INFO  vdl:execute START thread=0-3-45-1 tr=cka
2012-06-13 15:45:58,380-0500 INFO  vdl:execute START thread=0-3-0-1 tr=cka
2012-06-13 15:45:58,380-0500 INFO  vdl:execute START thread=0-3-30-1 tr=cka
2012-06-13 15:45:58,380-0500 INFO  vdl:execute START thread=0-3-41-1 tr=cka
2012-06-13 15:45:58,380-0500 INFO  vdl:execute START thread=0-3-51-1 tr=cka
2012-06-13 15:45:58,382-0500 INFO  vdl:execute START thread=0-3-37-1 tr=cka
2012-06-13 15:45:58,382-0500 INFO  vdl:execute START thread=0-3-17-1 tr=cka
2012-06-13 15:45:58,381-0500 INFO  vdl:execute START thread=0-3-6-1 tr=cka
2012-06-13 15:45:58,381-0500 INFO  vdl:execute START thread=0-3-14-1 tr=cka
2012-06-13 15:45:58,381-0500 INFO  vdl:execute START thread=0-3-50-1 tr=cka
2012-06-13 15:45:58,381-0500 INFO  vdl:execute START thread=0-3-13-1 tr=cka
2012-06-13 15:45:58,381-0500 INFO  vdl:execute START thread=0-3-25-1 tr=cka
2012-06-13 15:45:58,381-0500 INFO  vdl:execute START thread=0-3-28-1 tr=cka
2012-06-13 15:45:58,382-0500 INFO  vdl:execute START thread=0-3-12-1 tr=cka
2012-06-13 15:45:58,381-0500 INFO  vdl:execute START thread=0-3-24-1 tr=cka
2012-06-13 15:45:58,381-0500 INFO  vdl:execute START thread=0-3-32-1 tr=cka
2012-06-13 15:45:58,381-0500 INFO  vdl:execute START thread=0-3-2-1 tr=cka
2012-06-13 15:45:58,383-0500 INFO  vdl:execute START thread=0-3-11-1 tr=cka
2012-06-13 15:45:58,383-0500 INFO  vdl:execute START thread=0-3-18-1 tr=cka
2012-06-13 15:45:58,384-0500 INFO  vdl:execute START thread=0-3-56-1 tr=cka
2012-06-13 15:45:58,381-0500 INFO  vdl:execute START thread=0-3-27-1 tr=cka
2012-06-13 15:45:58,384-0500 INFO  vdl:execute START thread=0-3-34-1 tr=cka
2012-06-13 15:45:58,384-0500 INFO  vdl:execute START thread=0-3-42-1 tr=cka
2012-06-13 15:45:58,384-0500 INFO  vdl:execute START thread=0-3-29-1 tr=cka
2012-06-13 15:45:58,382-0500 INFO  vdl:execute START thread=0-3-43-1 tr=cka
2012-06-13 15:45:58,382-0500 INFO  vdl:execute START thread=0-3-61-1 tr=cka
2012-06-13 15:45:58,385-0500 INFO  vdl:execute START thread=0-3-9-1 tr=cka
2012-06-13 15:45:58,382-0500 INFO  vdl:execute START thread=0-3-59-1 tr=cka
2012-06-13 15:45:58,382-0500 INFO  vdl:execute START thread=0-3-53-1 tr=cka
2012-06-13 15:45:58,386-0500 INFO  vdl:execute START thread=0-3-54-1 tr=cka
2012-06-13 15:45:58,382-0500 INFO  vdl:execute START thread=0-3-10-1 tr=cka
2012-06-13 15:45:58,382-0500 INFO  vdl:execute START thread=0-3-8-1 tr=cka
2012-06-13 15:45:58,382-0500 INFO  vdl:execute START thread=0-3-16-1 tr=cka
2012-06-13 15:45:58,386-0500 INFO  vdl:execute START thread=0-3-44-1 tr=cka
2012-06-13 15:45:58,387-0500 INFO  vdl:execute START thread=0-3-47-1 tr=cka
2012-06-13 15:45:58,386-0500 INFO  vdl:execute START thread=0-3-49-1 tr=cka
2012-06-13 15:45:58,386-0500 INFO  vdl:execute START thread=0-3-62-1 tr=cka
2012-06-13 15:45:58,388-0500 INFO  vdl:execute START thread=0-3-48-1 tr=cka
2012-06-13 15:45:58,388-0500 INFO  vdl:execute START thread=0-3-31-1 tr=cka
2012-06-13 15:45:58,389-0500 INFO  vdl:execute START thread=0-3-52-1 tr=cka
2012-06-13 15:45:58,389-0500 INFO  vdl:execute START thread=0-3-58-1 tr=cka
2012-06-13 15:45:58,389-0500 INFO  vdl:execute START thread=0-3-46-1 tr=cka
2012-06-13 15:45:58,385-0500 INFO  vdl:execute START thread=0-3-26-1 tr=cka
2012-06-13 15:45:58,385-0500 INFO  vdl:execute START thread=0-3-40-1 tr=cka
2012-06-13 15:45:58,385-0500 INFO  vdl:execute START thread=0-3-39-1 tr=cka
2012-06-13 15:45:58,385-0500 INFO  vdl:execute START thread=0-3-38-1 tr=cka
2012-06-13 15:45:58,391-0500 INFO  vdl:execute START thread=0-3-60-1 tr=cka
2012-06-13 15:45:58,391-0500 INFO  vdl:execute START thread=0-3-23-1 tr=cka
2012-06-13 15:45:58,385-0500 INFO  vdl:execute START thread=0-3-57-1 tr=cka
2012-06-13 15:45:58,423-0500 INFO  WeightedHostScoreScheduler CONTACT_SELECTED host=localhost, score=99.854
2012-06-13 15:45:58,426-0500 INFO  GlobalSubmitQueue No global submit throttle set. Using default (1024)
2012-06-13 15:45:58,427-0500 INFO  LateBindingScheduler JobQueue: 63
2012-06-13 15:45:58,428-0500 INFO  LateBindingScheduler JobQueue: 63
2012-06-13 15:45:58,430-0500 INFO  vdl:initshareddir START host=localhost - Initializing shared directory
2012-06-13 15:45:58,433-0500 INFO  LateBindingScheduler JobQueue: 63
2012-06-13 15:45:58,446-0500 INFO  LateBindingScheduler JobQueue: 63
2012-06-13 15:45:58,449-0500 INFO  LateBindingScheduler JobQueue: 63
2012-06-13 15:45:58,451-0500 INFO  LateBindingScheduler JobQueue: 63
2012-06-13 15:45:58,458-0500 INFO  LateBindingScheduler JobQueue: 63
2012-06-13 15:45:58,465-0500 INFO  LateBindingScheduler JobQueue: 63
2012-06-13 15:45:58,467-0500 INFO  vdl:initshareddir END host=localhost - Done initializing shared directory
2012-06-13 15:45:58,472-0500 DEBUG vdl:execute2 THREAD_ASSOCIATION jobid=cka-gan9ypsk thread=0-3-29-1-1 host=localhost replicationGroup=79n9ypsk
2012-06-13 15:45:58,484-0500 INFO  vdl:createdirset START jobid=cka-gan9ypsk host=localhost - Initializing directory structure
2012-06-13 15:45:58,484-0500 INFO  vdl:createdirset END jobid=cka-gan9ypsk - Done initializing directory structure
2012-06-13 15:45:58,485-0500 INFO  vdl:dostagein START jobid=cka-gan9ypsk - Staging in files
2012-06-13 15:45:58,487-0500 INFO  vdl:dostagein END jobid=cka-gan9ypsk - Staging in finished
2012-06-13 15:45:58,489-0500 DEBUG vdl:execute2 JOB_START jobid=cka-gan9ypsk tr=cka arguments=[-nkernels=, 1.0, -kernel_time=, 100.0] tmpdir=gpu-20120613-1545-glcb7gbe/jobs/g/cka-gan9ypsk host=localhost
2012-06-13 15:45:58,491-0500 DEBUG textfiles BEGIN TC:
#This is the transformation catalog.
#
#It comes pre-configured with a number of simple transformations with
#paths that are likely to work on a linux box. However, on some systems,
#the paths to these executables will be different (for example, sometimes
#some of these programs are found in /usr/bin rather than in /bin)
#
#NOTE WELL: fields in this file must be separated by tabs, not spaces; and
#there must be no trailing whitespace at the end of each line.
#
# sitename  transformation  path   INSTALLED  platform  profiles
localhost 	echo 		/bin/echo	INSTALLED	INTEL32::LINUX	null
localhost 	cat 		/bin/cat	INSTALLED	INTEL32::LINUX	null
localhost 	ls 		/bin/ls		INSTALLED	INTEL32::LINUX	null
localhost 	grep 		/bin/grep	INSTALLED	INTEL32::LINUX	null
localhost 	sort 		/bin/sort	INSTALLED	INTEL32::LINUX	null
localhost 	paste 		/bin/paste	INSTALLED	INTEL32::LINUX	null
localhost 	cp 		/bin/cp         INSTALLED	INTEL32::LINUX	null
localhost 	touch 		/bin/touch      INSTALLED	INTEL32::LINUX	null
localhost	wc		/usr/bin/wc	INSTALLED	INTEL32::LINUX	null
localhost	sh		/bin/wc		INSTALLED	INTEL32::LINUX	null
localhost	cka		/home/skrieder/gpu-test/cka	INSTALLED	INTEL32::LINUX	null



2012-06-13 15:45:58,491-0500 DEBUG textfiles END TC:
2012-06-13 15:45:58,499-0500 INFO  GridExec TASK_DEFINITION: Task(type=JOB_SUBMISSION, identity=urn:0-3-29-1-1-1339620357457) is /bin/bash shared/_swiftwrap cka-gan9ypsk -jobdir g -scratch  -e /home/skrieder/gpu-test/cka -out 29.result -err stderr.txt -i -d  -if  -of 29.result -k  -cdmfile  -status files -a -nkernels= 1 -kernel_time= 100
2012-06-13 15:45:58,508-0500 INFO  JobSubmissionTaskHandler Submit: in: /var/tmp/gpu-20120613-1545-glcb7gbe command: /bin/bash /var/tmp/gpu-20120613-1545-glcb7gbe/shared/_swiftwrap cka-gan9ypsk -jobdir g -scratch  -e /home/skrieder/gpu-test/cka -out 29.result -err stderr.txt -i -d  -if  -of 29.result -k  -cdmfile  -status files -a -nkernels= 1 -kernel_time= 100
2012-06-13 15:45:58,761-0500 INFO  LateBindingScheduler JobQueue: 63
2012-06-13 15:45:58,765-0500 DEBUG vdl:checkjobstatus START jobid=cka-gan9ypsk
2012-06-13 15:45:58,769-0500 INFO  LateBindingScheduler JobQueue: 63
2012-06-13 15:45:58,770-0500 INFO  vdl:checkjobstatus SUCCESS jobid=cka-gan9ypsk - Success file found
2012-06-13 15:45:58,772-0500 DEBUG vdl:execute2 STAGING_OUT jobid=cka-gan9ypsk
2012-06-13 15:45:58,774-0500 INFO  vdl:dostageout START jobid=cka-gan9ypsk - Staging out files
2012-06-13 15:45:58,775-0500 DEBUG vdl:dostageout stageouts: [[$, c:countfile - Open]]
2012-06-13 15:45:58,786-0500 DEBUG vdl:dostageout FILE_STAGE_OUT_START srcname=29.result srcdir=gpu-20120613-1545-glcb7gbe/shared/ srchost=localhost destdir= desthost=localhost provider=file
2012-06-13 15:45:58,790-0500 INFO  LateBindingScheduler JobQueue: 63
2012-06-13 15:45:58,810-0500 INFO  LateBindingScheduler JobQueue: 63
2012-06-13 15:45:58,812-0500 DEBUG vdl:dostageout FILE_STAGE_OUT_END srcname=29.result srcdir=gpu-20120613-1545-glcb7gbe/shared/ srchost=localhost destdir= desthost=localhost provider=file
2012-06-13 15:45:58,819-0500 INFO  LateBindingScheduler JobQueue: 63
2012-06-13 15:45:58,831-0500 INFO  vdl:dostageout END jobid=cka-gan9ypsk - Staging out finished
2012-06-13 15:45:58,834-0500 DEBUG vdl:execute2 JOB_END jobid=cka-gan9ypsk
2012-06-13 15:45:58,834-0500 INFO  vdl:execute END_SUCCESS thread=0-3-29-1 tr=cka
2012-06-13 15:45:58,835-0500 DEBUG countwords PROCEDURE_END line=4
2012-06-13 15:45:58,856-0500 DEBUG vdl:mains FOREACH_IT_END line=15 thread=0-3-29
2012-06-13 15:45:59,322-0500 INFO  WeightedHostScoreScheduler CONTACT_SELECTED host=localhost, score=99.854
2012-06-13 15:45:59,326-0500 DEBUG vdl:execute2 THREAD_ASSOCIATION jobid=cka-han9ypsk thread=0-3-13-1-1 host=localhost replicationGroup=h9n9ypsk
2012-06-13 15:45:59,330-0500 INFO  vdl:createdirset START jobid=cka-han9ypsk host=localhost - Initializing directory structure
2012-06-13 15:45:59,331-0500 INFO  vdl:createdirset END jobid=cka-han9ypsk - Done initializing directory structure
2012-06-13 15:45:59,332-0500 INFO  vdl:dostagein START jobid=cka-han9ypsk - Staging in files
2012-06-13 15:45:59,332-0500 INFO  vdl:dostagein END jobid=cka-han9ypsk - Staging in finished
2012-06-13 15:45:59,334-0500 DEBUG vdl:execute2 JOB_START jobid=cka-han9ypsk tr=cka arguments=[-nkernels=, 1.0, -kernel_time=, 100.0] tmpdir=gpu-20120613-1545-glcb7gbe/jobs/h/cka-han9ypsk host=localhost
2012-06-13 15:45:59,337-0500 INFO  GridExec TASK_DEFINITION: Task(type=JOB_SUBMISSION, identity=urn:0-3-13-1-1-1339620357468) is /bin/bash shared/_swiftwrap cka-han9ypsk -jobdir h -scratch  -e /home/skrieder/gpu-test/cka -out 13.result -err stderr.txt -i -d  -if  -of 13.result -k  -cdmfile  -status files -a -nkernels= 1 -kernel_time= 100
2012-06-13 15:45:59,338-0500 INFO  JobSubmissionTaskHandler Submit: in: /var/tmp/gpu-20120613-1545-glcb7gbe command: /bin/bash /var/tmp/gpu-20120613-1545-glcb7gbe/shared/_swiftwrap cka-han9ypsk -jobdir h -scratch  -e /home/skrieder/gpu-test/cka -out 13.result -err stderr.txt -i -d  -if  -of 13.result -k  -cdmfile  -status files -a -nkernels= 1 -kernel_time= 100
2012-06-13 15:45:59,564-0500 INFO  LateBindingScheduler JobQueue: 62
2012-06-13 15:45:59,566-0500 DEBUG vdl:checkjobstatus START jobid=cka-han9ypsk
2012-06-13 15:45:59,568-0500 INFO  LateBindingScheduler JobQueue: 62
2012-06-13 15:45:59,569-0500 INFO  vdl:checkjobstatus SUCCESS jobid=cka-han9ypsk - Success file found
2012-06-13 15:45:59,570-0500 DEBUG vdl:execute2 STAGING_OUT jobid=cka-han9ypsk
2012-06-13 15:45:59,570-0500 INFO  vdl:dostageout START jobid=cka-han9ypsk - Staging out files
2012-06-13 15:45:59,571-0500 DEBUG vdl:dostageout stageouts: [[$, c:countfile - Open]]
2012-06-13 15:45:59,573-0500 DEBUG vdl:dostageout FILE_STAGE_OUT_START srcname=13.result srcdir=gpu-20120613-1545-glcb7gbe/shared/ srchost=localhost destdir= desthost=localhost provider=file
2012-06-13 15:45:59,577-0500 INFO  LateBindingScheduler JobQueue: 62
2012-06-13 15:45:59,583-0500 INFO  LateBindingScheduler JobQueue: 62
2012-06-13 15:45:59,584-0500 DEBUG vdl:dostageout FILE_STAGE_OUT_END srcname=13.result srcdir=gpu-20120613-1545-glcb7gbe/shared/ srchost=localhost destdir= desthost=localhost provider=file
2012-06-13 15:45:59,587-0500 INFO  LateBindingScheduler JobQueue: 62
2012-06-13 15:45:59,589-0500 INFO  vdl:dostageout END jobid=cka-han9ypsk - Staging out finished
2012-06-13 15:45:59,590-0500 DEBUG vdl:execute2 JOB_END jobid=cka-han9ypsk
2012-06-13 15:45:59,591-0500 INFO  vdl:execute END_SUCCESS thread=0-3-13-1 tr=cka
2012-06-13 15:45:59,592-0500 DEBUG countwords PROCEDURE_END line=4
2012-06-13 15:45:59,593-0500 DEBUG vdl:mains FOREACH_IT_END line=15 thread=0-3-13
2012-06-13 15:46:00,089-0500 INFO  WeightedHostScoreScheduler CONTACT_SELECTED host=localhost, score=99.854
2012-06-13 15:46:00,096-0500 DEBUG vdl:execute2 THREAD_ASSOCIATION jobid=cka-ian9ypsk thread=0-3-22-1-1 host=localhost replicationGroup=n9n9ypsk
2012-06-13 15:46:00,099-0500 INFO  vdl:createdirset START jobid=cka-ian9ypsk host=localhost - Initializing directory structure
2012-06-13 15:46:00,101-0500 INFO  vdl:createdirset END jobid=cka-ian9ypsk - Done initializing directory structure
2012-06-13 15:46:00,102-0500 INFO  vdl:dostagein START jobid=cka-ian9ypsk - Staging in files
2012-06-13 15:46:00,103-0500 INFO  vdl:dostagein END jobid=cka-ian9ypsk - Staging in finished
2012-06-13 15:46:00,104-0500 DEBUG vdl:execute2 JOB_START jobid=cka-ian9ypsk tr=cka arguments=[-nkernels=, 1.0, -kernel_time=, 100.0] tmpdir=gpu-20120613-1545-glcb7gbe/jobs/i/cka-ian9ypsk host=localhost
2012-06-13 15:46:00,113-0500 INFO  GridExec TASK_DEFINITION: Task(type=JOB_SUBMISSION, identity=urn:0-3-22-1-1-1339620357479) is /bin/bash shared/_swiftwrap cka-ian9ypsk -jobdir i -scratch  -e /home/skrieder/gpu-test/cka -out 22.result -err stderr.txt -i -d  -if  -of 22.result -k  -cdmfile  -status files -a -nkernels= 1 -kernel_time= 100
2012-06-13 15:46:00,114-0500 INFO  JobSubmissionTaskHandler Submit: in: /var/tmp/gpu-20120613-1545-glcb7gbe command: /bin/bash /var/tmp/gpu-20120613-1545-glcb7gbe/shared/_swiftwrap cka-ian9ypsk -jobdir i -scratch  -e /home/skrieder/gpu-test/cka -out 22.result -err stderr.txt -i -d  -if  -of 22.result -k  -cdmfile  -status files -a -nkernels= 1 -kernel_time= 100
2012-06-13 15:46:00,340-0500 INFO  LateBindingScheduler JobQueue: 61
2012-06-13 15:46:00,342-0500 DEBUG vdl:checkjobstatus START jobid=cka-ian9ypsk
2012-06-13 15:46:00,345-0500 INFO  LateBindingScheduler JobQueue: 61
2012-06-13 15:46:00,347-0500 INFO  vdl:checkjobstatus SUCCESS jobid=cka-ian9ypsk - Success file found
2012-06-13 15:46:00,349-0500 DEBUG vdl:execute2 STAGING_OUT jobid=cka-ian9ypsk
2012-06-13 15:46:00,350-0500 INFO  vdl:dostageout START jobid=cka-ian9ypsk - Staging out files
2012-06-13 15:46:00,350-0500 DEBUG vdl:dostageout stageouts: [[$, c:countfile - Open]]
2012-06-13 15:46:00,357-0500 DEBUG vdl:dostageout FILE_STAGE_OUT_START srcname=22.result srcdir=gpu-20120613-1545-glcb7gbe/shared/ srchost=localhost destdir= desthost=localhost provider=file
2012-06-13 15:46:00,361-0500 INFO  LateBindingScheduler JobQueue: 61
2012-06-13 15:46:00,368-0500 INFO  LateBindingScheduler JobQueue: 61
2012-06-13 15:46:00,370-0500 DEBUG vdl:dostageout FILE_STAGE_OUT_END srcname=22.result srcdir=gpu-20120613-1545-glcb7gbe/shared/ srchost=localhost destdir= desthost=localhost provider=file
2012-06-13 15:46:00,374-0500 INFO  LateBindingScheduler JobQueue: 61
2012-06-13 15:46:00,377-0500 INFO  vdl:dostageout END jobid=cka-ian9ypsk - Staging out finished
2012-06-13 15:46:00,379-0500 DEBUG vdl:execute2 JOB_END jobid=cka-ian9ypsk
2012-06-13 15:46:00,380-0500 INFO  vdl:execute END_SUCCESS thread=0-3-22-1 tr=cka
2012-06-13 15:46:00,381-0500 DEBUG countwords PROCEDURE_END line=4
2012-06-13 15:46:00,381-0500 DEBUG vdl:mains FOREACH_IT_END line=15 thread=0-3-22
2012-06-13 15:46:00,876-0500 INFO  WeightedHostScoreScheduler CONTACT_SELECTED host=localhost, score=99.854
2012-06-13 15:46:00,880-0500 DEBUG vdl:execute2 THREAD_ASSOCIATION jobid=cka-jan9ypsk thread=0-3-48-1-1 host=localhost replicationGroup=x9n9ypsk
2012-06-13 15:46:00,887-0500 INFO  vdl:createdirset START jobid=cka-jan9ypsk host=localhost - Initializing directory structure
2012-06-13 15:46:00,887-0500 INFO  vdl:createdirset END jobid=cka-jan9ypsk - Done initializing directory structure
2012-06-13 15:46:00,888-0500 INFO  vdl:dostagein START jobid=cka-jan9ypsk - Staging in files
2012-06-13 15:46:00,888-0500 INFO  vdl:dostagein END jobid=cka-jan9ypsk - Staging in finished
2012-06-13 15:46:00,889-0500 DEBUG vdl:execute2 JOB_START jobid=cka-jan9ypsk tr=cka arguments=[-nkernels=, 1.0, -kernel_time=, 100.0] tmpdir=gpu-20120613-1545-glcb7gbe/jobs/j/cka-jan9ypsk host=localhost
2012-06-13 15:46:00,897-0500 INFO  GridExec TASK_DEFINITION: Task(type=JOB_SUBMISSION, identity=urn:0-3-48-1-1-1339620357490) is /bin/bash shared/_swiftwrap cka-jan9ypsk -jobdir j -scratch  -e /home/skrieder/gpu-test/cka -out 48.result -err stderr.txt -i -d  -if  -of 48.result -k  -cdmfile  -status files -a -nkernels= 1 -kernel_time= 100
2012-06-13 15:46:00,898-0500 INFO  JobSubmissionTaskHandler Submit: in: /var/tmp/gpu-20120613-1545-glcb7gbe command: /bin/bash /var/tmp/gpu-20120613-1545-glcb7gbe/shared/_swiftwrap cka-jan9ypsk -jobdir j -scratch  -e /home/skrieder/gpu-test/cka -out 48.result -err stderr.txt -i -d  -if  -of 48.result -k  -cdmfile  -status files -a -nkernels= 1 -kernel_time= 100
2012-06-13 15:46:01,104-0500 INFO  LateBindingScheduler JobQueue: 60
2012-06-13 15:46:01,106-0500 DEBUG vdl:checkjobstatus START jobid=cka-jan9ypsk
2012-06-13 15:46:01,108-0500 INFO  LateBindingScheduler JobQueue: 60
2012-06-13 15:46:01,109-0500 INFO  vdl:checkjobstatus SUCCESS jobid=cka-jan9ypsk - Success file found
2012-06-13 15:46:01,112-0500 DEBUG vdl:execute2 STAGING_OUT jobid=cka-jan9ypsk
2012-06-13 15:46:01,113-0500 INFO  vdl:dostageout START jobid=cka-jan9ypsk - Staging out files
2012-06-13 15:46:01,114-0500 DEBUG vdl:dostageout stageouts: [[$, c:countfile - Open]]
2012-06-13 15:46:01,118-0500 DEBUG vdl:dostageout FILE_STAGE_OUT_START srcname=48.result srcdir=gpu-20120613-1545-glcb7gbe/shared/ srchost=localhost destdir= desthost=localhost provider=file
2012-06-13 15:46:01,123-0500 INFO  LateBindingScheduler JobQueue: 60
2012-06-13 15:46:01,131-0500 INFO  LateBindingScheduler JobQueue: 60
2012-06-13 15:46:01,132-0500 DEBUG vdl:dostageout FILE_STAGE_OUT_END srcname=48.result srcdir=gpu-20120613-1545-glcb7gbe/shared/ srchost=localhost destdir= desthost=localhost provider=file
2012-06-13 15:46:01,136-0500 INFO  LateBindingScheduler JobQueue: 60
2012-06-13 15:46:01,138-0500 INFO  vdl:dostageout END jobid=cka-jan9ypsk - Staging out finished
2012-06-13 15:46:01,140-0500 DEBUG vdl:execute2 JOB_END jobid=cka-jan9ypsk
2012-06-13 15:46:01,141-0500 INFO  vdl:execute END_SUCCESS thread=0-3-48-1 tr=cka
2012-06-13 15:46:01,142-0500 DEBUG countwords PROCEDURE_END line=4
2012-06-13 15:46:01,142-0500 DEBUG vdl:mains FOREACH_IT_END line=15 thread=0-3-48
2012-06-13 15:46:01,637-0500 INFO  WeightedHostScoreScheduler CONTACT_SELECTED host=localhost, score=99.854
2012-06-13 15:46:01,640-0500 DEBUG vdl:execute2 THREAD_ASSOCIATION jobid=cka-kan9ypsk thread=0-3-47-1-1 host=localhost replicationGroup=r9n9ypsk
2012-06-13 15:46:01,644-0500 INFO  vdl:createdirset START jobid=cka-kan9ypsk host=localhost - Initializing directory structure
2012-06-13 15:46:01,645-0500 INFO  vdl:createdirset END jobid=cka-kan9ypsk - Done initializing directory structure
2012-06-13 15:46:01,646-0500 INFO  vdl:dostagein START jobid=cka-kan9ypsk - Staging in files
2012-06-13 15:46:01,647-0500 INFO  vdl:dostagein END jobid=cka-kan9ypsk - Staging in finished
2012-06-13 15:46:01,648-0500 DEBUG vdl:execute2 JOB_START jobid=cka-kan9ypsk tr=cka arguments=[-nkernels=, 1.0, -kernel_time=, 100.0] tmpdir=gpu-20120613-1545-glcb7gbe/jobs/k/cka-kan9ypsk host=localhost
2012-06-13 15:46:01,654-0500 INFO  GridExec TASK_DEFINITION: Task(type=JOB_SUBMISSION, identity=urn:0-3-47-1-1-1339620357501) is /bin/bash shared/_swiftwrap cka-kan9ypsk -jobdir k -scratch  -e /home/skrieder/gpu-test/cka -out 47.result -err stderr.txt -i -d  -if  -of 47.result -k  -cdmfile  -status files -a -nkernels= 1 -kernel_time= 100
2012-06-13 15:46:01,655-0500 INFO  JobSubmissionTaskHandler Submit: in: /var/tmp/gpu-20120613-1545-glcb7gbe command: /bin/bash /var/tmp/gpu-20120613-1545-glcb7gbe/shared/_swiftwrap cka-kan9ypsk -jobdir k -scratch  -e /home/skrieder/gpu-test/cka -out 47.result -err stderr.txt -i -d  -if  -of 47.result -k  -cdmfile  -status files -a -nkernels= 1 -kernel_time= 100
2012-06-13 15:46:01,882-0500 INFO  LateBindingScheduler JobQueue: 59
2012-06-13 15:46:01,884-0500 DEBUG vdl:checkjobstatus START jobid=cka-kan9ypsk
2012-06-13 15:46:01,887-0500 INFO  LateBindingScheduler JobQueue: 59
2012-06-13 15:46:01,888-0500 INFO  vdl:checkjobstatus SUCCESS jobid=cka-kan9ypsk - Success file found
2012-06-13 15:46:01,889-0500 DEBUG vdl:execute2 STAGING_OUT jobid=cka-kan9ypsk
2012-06-13 15:46:01,889-0500 INFO  vdl:dostageout START jobid=cka-kan9ypsk - Staging out files
2012-06-13 15:46:01,890-0500 DEBUG vdl:dostageout stageouts: [[$, c:countfile - Open]]
2012-06-13 15:46:01,894-0500 DEBUG vdl:dostageout FILE_STAGE_OUT_START srcname=47.result srcdir=gpu-20120613-1545-glcb7gbe/shared/ srchost=localhost destdir= desthost=localhost provider=file
2012-06-13 15:46:01,898-0500 INFO  LateBindingScheduler JobQueue: 59
2012-06-13 15:46:01,905-0500 INFO  LateBindingScheduler JobQueue: 59
2012-06-13 15:46:01,906-0500 DEBUG vdl:dostageout FILE_STAGE_OUT_END srcname=47.result srcdir=gpu-20120613-1545-glcb7gbe/shared/ srchost=localhost destdir= desthost=localhost provider=file
2012-06-13 15:46:01,909-0500 INFO  LateBindingScheduler JobQueue: 59
2012-06-13 15:46:01,911-0500 INFO  vdl:dostageout END jobid=cka-kan9ypsk - Staging out finished
2012-06-13 15:46:01,913-0500 DEBUG vdl:execute2 JOB_END jobid=cka-kan9ypsk
2012-06-13 15:46:01,914-0500 INFO  vdl:execute END_SUCCESS thread=0-3-47-1 tr=cka
2012-06-13 15:46:01,914-0500 DEBUG countwords PROCEDURE_END line=4
2012-06-13 15:46:01,915-0500 DEBUG vdl:mains FOREACH_IT_END line=15 thread=0-3-47
2012-06-13 15:46:02,411-0500 INFO  WeightedHostScoreScheduler CONTACT_SELECTED host=localhost, score=99.854
2012-06-13 15:46:02,413-0500 DEBUG vdl:execute2 THREAD_ASSOCIATION jobid=cka-lan9ypsk thread=0-3-17-1-1 host=localhost replicationGroup=t9n9ypsk
2012-06-13 15:46:02,418-0500 INFO  vdl:createdirset START jobid=cka-lan9ypsk host=localhost - Initializing directory structure
2012-06-13 15:46:02,418-0500 INFO  vdl:createdirset END jobid=cka-lan9ypsk - Done initializing directory structure
2012-06-13 15:46:02,419-0500 INFO  vdl:dostagein START jobid=cka-lan9ypsk - Staging in files
2012-06-13 15:46:02,420-0500 INFO  vdl:dostagein END jobid=cka-lan9ypsk - Staging in finished
2012-06-13 15:46:02,421-0500 DEBUG vdl:execute2 JOB_START jobid=cka-lan9ypsk tr=cka arguments=[-nkernels=, 1.0, -kernel_time=, 100.0] tmpdir=gpu-20120613-1545-glcb7gbe/jobs/l/cka-lan9ypsk host=localhost
2012-06-13 15:46:02,427-0500 INFO  GridExec TASK_DEFINITION: Task(type=JOB_SUBMISSION, identity=urn:0-3-17-1-1-1339620357512) is /bin/bash shared/_swiftwrap cka-lan9ypsk -jobdir l -scratch  -e /home/skrieder/gpu-test/cka -out 17.result -err stderr.txt -i -d  -if  -of 17.result -k  -cdmfile  -status files -a -nkernels= 1 -kernel_time= 100
2012-06-13 15:46:02,428-0500 INFO  JobSubmissionTaskHandler Submit: in: /var/tmp/gpu-20120613-1545-glcb7gbe command: /bin/bash /var/tmp/gpu-20120613-1545-glcb7gbe/shared/_swiftwrap cka-lan9ypsk -jobdir l -scratch  -e /home/skrieder/gpu-test/cka -out 17.result -err stderr.txt -i -d  -if  -of 17.result -k  -cdmfile  -status files -a -nkernels= 1 -kernel_time= 100
2012-06-13 15:46:02,654-0500 INFO  LateBindingScheduler JobQueue: 58
2012-06-13 15:46:02,657-0500 DEBUG vdl:checkjobstatus START jobid=cka-lan9ypsk
2012-06-13 15:46:02,660-0500 INFO  LateBindingScheduler JobQueue: 58
2012-06-13 15:46:02,660-0500 INFO  vdl:checkjobstatus SUCCESS jobid=cka-lan9ypsk - Success file found
2012-06-13 15:46:02,661-0500 DEBUG vdl:execute2 STAGING_OUT jobid=cka-lan9ypsk
2012-06-13 15:46:02,662-0500 INFO  vdl:dostageout START jobid=cka-lan9ypsk - Staging out files
2012-06-13 15:46:02,663-0500 DEBUG vdl:dostageout stageouts: [[$, c:countfile - Open]]
2012-06-13 15:46:02,666-0500 DEBUG vdl:dostageout FILE_STAGE_OUT_START srcname=17.result srcdir=gpu-20120613-1545-glcb7gbe/shared/ srchost=localhost destdir= desthost=localhost provider=file
2012-06-13 15:46:02,670-0500 INFO  LateBindingScheduler JobQueue: 58
2012-06-13 15:46:02,677-0500 INFO  LateBindingScheduler JobQueue: 58
2012-06-13 15:46:02,678-0500 DEBUG vdl:dostageout FILE_STAGE_OUT_END srcname=17.result srcdir=gpu-20120613-1545-glcb7gbe/shared/ srchost=localhost destdir= desthost=localhost provider=file
2012-06-13 15:46:02,682-0500 INFO  LateBindingScheduler JobQueue: 58
2012-06-13 15:46:02,684-0500 INFO  vdl:dostageout END jobid=cka-lan9ypsk - Staging out finished
2012-06-13 15:46:02,686-0500 DEBUG vdl:execute2 JOB_END jobid=cka-lan9ypsk
2012-06-13 15:46:02,687-0500 INFO  vdl:execute END_SUCCESS thread=0-3-17-1 tr=cka
2012-06-13 15:46:02,688-0500 DEBUG countwords PROCEDURE_END line=4
2012-06-13 15:46:02,688-0500 DEBUG vdl:mains FOREACH_IT_END line=15 thread=0-3-17
2012-06-13 15:46:03,183-0500 INFO  WeightedHostScoreScheduler CONTACT_SELECTED host=localhost, score=99.854
2012-06-13 15:46:03,186-0500 DEBUG vdl:execute2 THREAD_ASSOCIATION jobid=cka-man9ypsk thread=0-3-27-1-1 host=localhost replicationGroup=q9n9ypsk
2012-06-13 15:46:03,189-0500 INFO  vdl:createdirset START jobid=cka-man9ypsk host=localhost - Initializing directory structure
2012-06-13 15:46:03,190-0500 INFO  vdl:createdirset END jobid=cka-man9ypsk - Done initializing directory structure
2012-06-13 15:46:03,191-0500 INFO  vdl:dostagein START jobid=cka-man9ypsk - Staging in files
2012-06-13 15:46:03,192-0500 INFO  vdl:dostagein END jobid=cka-man9ypsk - Staging in finished
2012-06-13 15:46:03,194-0500 DEBUG vdl:execute2 JOB_START jobid=cka-man9ypsk tr=cka arguments=[-nkernels=, 1.0, -kernel_time=, 100.0] tmpdir=gpu-20120613-1545-glcb7gbe/jobs/m/cka-man9ypsk host=localhost
2012-06-13 15:46:03,199-0500 INFO  GridExec TASK_DEFINITION: Task(type=JOB_SUBMISSION, identity=urn:0-3-27-1-1-1339620357523) is /bin/bash shared/_swiftwrap cka-man9ypsk -jobdir m -scratch  -e /home/skrieder/gpu-test/cka -out 27.result -err stderr.txt -i -d  -if  -of 27.result -k  -cdmfile  -status files -a -nkernels= 1 -kernel_time= 100
2012-06-13 15:46:03,200-0500 INFO  JobSubmissionTaskHandler Submit: in: /var/tmp/gpu-20120613-1545-glcb7gbe command: /bin/bash /var/tmp/gpu-20120613-1545-glcb7gbe/shared/_swiftwrap cka-man9ypsk -jobdir m -scratch  -e /home/skrieder/gpu-test/cka -out 27.result -err stderr.txt -i -d  -if  -of 27.result -k  -cdmfile  -status files -a -nkernels= 1 -kernel_time= 100
2012-06-13 15:46:03,426-0500 INFO  LateBindingScheduler JobQueue: 57
2012-06-13 15:46:03,427-0500 DEBUG vdl:checkjobstatus START jobid=cka-man9ypsk
2012-06-13 15:46:03,430-0500 INFO  LateBindingScheduler JobQueue: 57
2012-06-13 15:46:03,431-0500 INFO  vdl:checkjobstatus SUCCESS jobid=cka-man9ypsk - Success file found
2012-06-13 15:46:03,432-0500 DEBUG vdl:execute2 STAGING_OUT jobid=cka-man9ypsk
2012-06-13 15:46:03,432-0500 INFO  vdl:dostageout START jobid=cka-man9ypsk - Staging out files
2012-06-13 15:46:03,433-0500 DEBUG vdl:dostageout stageouts: [[$, c:countfile - Open]]
2012-06-13 15:46:03,435-0500 DEBUG vdl:dostageout FILE_STAGE_OUT_START srcname=27.result srcdir=gpu-20120613-1545-glcb7gbe/shared/ srchost=localhost destdir= desthost=localhost provider=file
2012-06-13 15:46:03,437-0500 INFO  LateBindingScheduler JobQueue: 57
2012-06-13 15:46:03,442-0500 INFO  LateBindingScheduler JobQueue: 57
2012-06-13 15:46:03,443-0500 DEBUG vdl:dostageout FILE_STAGE_OUT_END srcname=27.result srcdir=gpu-20120613-1545-glcb7gbe/shared/ srchost=localhost destdir= desthost=localhost provider=file
2012-06-13 15:46:03,446-0500 INFO  LateBindingScheduler JobQueue: 57
2012-06-13 15:46:03,448-0500 INFO  vdl:dostageout END jobid=cka-man9ypsk - Staging out finished
2012-06-13 15:46:03,450-0500 DEBUG vdl:execute2 JOB_END jobid=cka-man9ypsk
2012-06-13 15:46:03,451-0500 INFO  vdl:execute END_SUCCESS thread=0-3-27-1 tr=cka
2012-06-13 15:46:03,452-0500 DEBUG countwords PROCEDURE_END line=4
2012-06-13 15:46:03,452-0500 DEBUG vdl:mains FOREACH_IT_END line=15 thread=0-3-27
2012-06-13 15:46:03,947-0500 INFO  WeightedHostScoreScheduler CONTACT_SELECTED host=localhost, score=99.854
2012-06-13 15:46:03,950-0500 DEBUG vdl:execute2 THREAD_ASSOCIATION jobid=cka-nan9ypsk thread=0-3-20-1-1 host=localhost replicationGroup=o8n9ypsk
2012-06-13 15:46:03,954-0500 INFO  vdl:createdirset START jobid=cka-nan9ypsk host=localhost - Initializing directory structure
2012-06-13 15:46:03,955-0500 INFO  vdl:createdirset END jobid=cka-nan9ypsk - Done initializing directory structure
2012-06-13 15:46:03,957-0500 INFO  vdl:dostagein START jobid=cka-nan9ypsk - Staging in files
2012-06-13 15:46:03,959-0500 INFO  vdl:dostagein END jobid=cka-nan9ypsk - Staging in finished
2012-06-13 15:46:03,960-0500 DEBUG vdl:execute2 JOB_START jobid=cka-nan9ypsk tr=cka arguments=[-nkernels=, 1.0, -kernel_time=, 100.0] tmpdir=gpu-20120613-1545-glcb7gbe/jobs/n/cka-nan9ypsk host=localhost
2012-06-13 15:46:03,966-0500 INFO  GridExec TASK_DEFINITION: Task(type=JOB_SUBMISSION, identity=urn:0-3-20-1-1-1339620357534) is /bin/bash shared/_swiftwrap cka-nan9ypsk -jobdir n -scratch  -e /home/skrieder/gpu-test/cka -out 20.result -err stderr.txt -i -d  -if  -of 20.result -k  -cdmfile  -status files -a -nkernels= 1 -kernel_time= 100
2012-06-13 15:46:03,967-0500 INFO  JobSubmissionTaskHandler Submit: in: /var/tmp/gpu-20120613-1545-glcb7gbe command: /bin/bash /var/tmp/gpu-20120613-1545-glcb7gbe/shared/_swiftwrap cka-nan9ypsk -jobdir n -scratch  -e /home/skrieder/gpu-test/cka -out 20.result -err stderr.txt -i -d  -if  -of 20.result -k  -cdmfile  -status files -a -nkernels= 1 -kernel_time= 100
2012-06-13 15:46:04,193-0500 INFO  LateBindingScheduler JobQueue: 56
2012-06-13 15:46:04,194-0500 DEBUG vdl:checkjobstatus START jobid=cka-nan9ypsk
2012-06-13 15:46:04,697-0500 INFO  LateBindingScheduler JobQueue: 56
2012-06-13 15:46:04,698-0500 INFO  vdl:checkjobstatus SUCCESS jobid=cka-nan9ypsk - Success file found
2012-06-13 15:46:04,699-0500 DEBUG vdl:execute2 STAGING_OUT jobid=cka-nan9ypsk
2012-06-13 15:46:04,700-0500 INFO  vdl:dostageout START jobid=cka-nan9ypsk - Staging out files
2012-06-13 15:46:04,700-0500 DEBUG vdl:dostageout stageouts: [[$, c:countfile - Open]]
2012-06-13 15:46:04,704-0500 DEBUG vdl:dostageout FILE_STAGE_OUT_START srcname=20.result srcdir=gpu-20120613-1545-glcb7gbe/shared/ srchost=localhost destdir= desthost=localhost provider=file
2012-06-13 15:46:04,707-0500 INFO  LateBindingScheduler JobQueue: 56
2012-06-13 15:46:04,714-0500 INFO  LateBindingScheduler JobQueue: 56
2012-06-13 15:46:04,715-0500 DEBUG vdl:dostageout FILE_STAGE_OUT_END srcname=20.result srcdir=gpu-20120613-1545-glcb7gbe/shared/ srchost=localhost destdir= desthost=localhost provider=file
2012-06-13 15:46:04,718-0500 INFO  LateBindingScheduler JobQueue: 56
2012-06-13 15:46:04,720-0500 INFO  vdl:dostageout END jobid=cka-nan9ypsk - Staging out finished
2012-06-13 15:46:04,722-0500 DEBUG vdl:execute2 JOB_END jobid=cka-nan9ypsk
2012-06-13 15:46:04,724-0500 INFO  vdl:execute END_SUCCESS thread=0-3-20-1 tr=cka
2012-06-13 15:46:04,725-0500 DEBUG countwords PROCEDURE_END line=4
2012-06-13 15:46:04,725-0500 DEBUG vdl:mains FOREACH_IT_END line=15 thread=0-3-20
2012-06-13 15:46:05,220-0500 INFO  WeightedHostScoreScheduler CONTACT_SELECTED host=localhost, score=99.854
2012-06-13 15:46:05,222-0500 DEBUG vdl:execute2 THREAD_ASSOCIATION jobid=cka-oan9ypsk thread=0-3-10-1-1 host=localhost replicationGroup=i9n9ypsk
2012-06-13 15:46:05,227-0500 INFO  vdl:createdirset START jobid=cka-oan9ypsk host=localhost - Initializing directory structure
2012-06-13 15:46:05,227-0500 INFO  vdl:createdirset END jobid=cka-oan9ypsk - Done initializing directory structure
2012-06-13 15:46:05,228-0500 INFO  vdl:dostagein START jobid=cka-oan9ypsk - Staging in files
2012-06-13 15:46:05,229-0500 INFO  vdl:dostagein END jobid=cka-oan9ypsk - Staging in finished
2012-06-13 15:46:05,230-0500 DEBUG vdl:execute2 JOB_START jobid=cka-oan9ypsk tr=cka arguments=[-nkernels=, 1.0, -kernel_time=, 100.0] tmpdir=gpu-20120613-1545-glcb7gbe/jobs/o/cka-oan9ypsk host=localhost
2012-06-13 15:46:05,236-0500 INFO  GridExec TASK_DEFINITION: Task(type=JOB_SUBMISSION, identity=urn:0-3-10-1-1-1339620357545) is /bin/bash shared/_swiftwrap cka-oan9ypsk -jobdir o -scratch  -e /home/skrieder/gpu-test/cka -out 10.result -err stderr.txt -i -d  -if  -of 10.result -k  -cdmfile  -status files -a -nkernels= 1 -kernel_time= 100
2012-06-13 15:46:05,237-0500 INFO  JobSubmissionTaskHandler Submit: in: /var/tmp/gpu-20120613-1545-glcb7gbe command: /bin/bash /var/tmp/gpu-20120613-1545-glcb7gbe/shared/_swiftwrap cka-oan9ypsk -jobdir o -scratch  -e /home/skrieder/gpu-test/cka -out 10.result -err stderr.txt -i -d  -if  -of 10.result -k  -cdmfile  -status files -a -nkernels= 1 -kernel_time= 100
2012-06-13 15:46:05,462-0500 INFO  LateBindingScheduler JobQueue: 55
2012-06-13 15:46:05,464-0500 DEBUG vdl:checkjobstatus START jobid=cka-oan9ypsk
2012-06-13 15:46:05,467-0500 INFO  LateBindingScheduler JobQueue: 55
2012-06-13 15:46:05,467-0500 INFO  vdl:checkjobstatus SUCCESS jobid=cka-oan9ypsk - Success file found
2012-06-13 15:46:05,468-0500 DEBUG vdl:execute2 STAGING_OUT jobid=cka-oan9ypsk
2012-06-13 15:46:05,469-0500 INFO  vdl:dostageout START jobid=cka-oan9ypsk - Staging out files
2012-06-13 15:46:05,469-0500 DEBUG vdl:dostageout stageouts: [[$, c:countfile - Open]]
2012-06-13 15:46:05,471-0500 DEBUG vdl:dostageout FILE_STAGE_OUT_START srcname=10.result srcdir=gpu-20120613-1545-glcb7gbe/shared/ srchost=localhost destdir= desthost=localhost provider=file
2012-06-13 15:46:05,475-0500 INFO  LateBindingScheduler JobQueue: 55
2012-06-13 15:46:05,482-0500 INFO  LateBindingScheduler JobQueue: 55
2012-06-13 15:46:05,483-0500 DEBUG vdl:dostageout FILE_STAGE_OUT_END srcname=10.result srcdir=gpu-20120613-1545-glcb7gbe/shared/ srchost=localhost destdir= desthost=localhost provider=file
2012-06-13 15:46:05,486-0500 INFO  LateBindingScheduler JobQueue: 55
2012-06-13 15:46:05,488-0500 INFO  vdl:dostageout END jobid=cka-oan9ypsk - Staging out finished
2012-06-13 15:46:05,490-0500 DEBUG vdl:execute2 JOB_END jobid=cka-oan9ypsk
2012-06-13 15:46:05,491-0500 INFO  vdl:execute END_SUCCESS thread=0-3-10-1 tr=cka
2012-06-13 15:46:05,491-0500 DEBUG countwords PROCEDURE_END line=4
2012-06-13 15:46:05,492-0500 DEBUG vdl:mains FOREACH_IT_END line=15 thread=0-3-10
2012-06-13 15:46:05,987-0500 INFO  WeightedHostScoreScheduler CONTACT_SELECTED host=localhost, score=99.854
2012-06-13 15:46:05,990-0500 DEBUG vdl:execute2 THREAD_ASSOCIATION jobid=cka-pan9ypsk thread=0-3-52-1-1 host=localhost replicationGroup=z9n9ypsk
2012-06-13 15:46:05,993-0500 INFO  vdl:createdirset START jobid=cka-pan9ypsk host=localhost - Initializing directory structure
2012-06-13 15:46:05,994-0500 INFO  vdl:createdirset END jobid=cka-pan9ypsk - Done initializing directory structure
2012-06-13 15:46:05,994-0500 INFO  vdl:dostagein START jobid=cka-pan9ypsk - Staging in files
2012-06-13 15:46:05,995-0500 INFO  vdl:dostagein END jobid=cka-pan9ypsk - Staging in finished
2012-06-13 15:46:05,996-0500 DEBUG vdl:execute2 JOB_START jobid=cka-pan9ypsk tr=cka arguments=[-nkernels=, 1.0, -kernel_time=, 100.0] tmpdir=gpu-20120613-1545-glcb7gbe/jobs/p/cka-pan9ypsk host=localhost
2012-06-13 15:46:06,000-0500 INFO  GridExec TASK_DEFINITION: Task(type=JOB_SUBMISSION, identity=urn:0-3-52-1-1-1339620357556) is /bin/bash shared/_swiftwrap cka-pan9ypsk -jobdir p -scratch  -e /home/skrieder/gpu-test/cka -out 52.result -err stderr.txt -i -d  -if  -of 52.result -k  -cdmfile  -status files -a -nkernels= 1 -kernel_time= 100
2012-06-13 15:46:06,002-0500 INFO  JobSubmissionTaskHandler Submit: in: /var/tmp/gpu-20120613-1545-glcb7gbe command: /bin/bash /var/tmp/gpu-20120613-1545-glcb7gbe/shared/_swiftwrap cka-pan9ypsk -jobdir p -scratch  -e /home/skrieder/gpu-test/cka -out 52.result -err stderr.txt -i -d  -if  -of 52.result -k  -cdmfile  -status files -a -nkernels= 1 -kernel_time= 100
2012-06-13 15:46:06,228-0500 INFO  LateBindingScheduler JobQueue: 54
2012-06-13 15:46:06,230-0500 DEBUG vdl:checkjobstatus START jobid=cka-pan9ypsk
2012-06-13 15:46:06,233-0500 INFO  LateBindingScheduler JobQueue: 54
2012-06-13 15:46:06,234-0500 INFO  vdl:checkjobstatus SUCCESS jobid=cka-pan9ypsk - Success file found
2012-06-13 15:46:06,234-0500 DEBUG vdl:execute2 STAGING_OUT jobid=cka-pan9ypsk
2012-06-13 15:46:06,235-0500 INFO  vdl:dostageout START jobid=cka-pan9ypsk - Staging out files
2012-06-13 15:46:06,236-0500 DEBUG vdl:dostageout stageouts: [[$, c:countfile - Open]]
2012-06-13 15:46:06,238-0500 DEBUG vdl:dostageout FILE_STAGE_OUT_START srcname=52.result srcdir=gpu-20120613-1545-glcb7gbe/shared/ srchost=localhost destdir= desthost=localhost provider=file
2012-06-13 15:46:06,242-0500 INFO  LateBindingScheduler JobQueue: 54
2012-06-13 15:46:06,250-0500 INFO  LateBindingScheduler JobQueue: 54
2012-06-13 15:46:06,251-0500 DEBUG vdl:dostageout FILE_STAGE_OUT_END srcname=52.result srcdir=gpu-20120613-1545-glcb7gbe/shared/ srchost=localhost destdir= desthost=localhost provider=file
2012-06-13 15:46:06,255-0500 INFO  LateBindingScheduler JobQueue: 54
2012-06-13 15:46:06,256-0500 INFO  vdl:dostageout END jobid=cka-pan9ypsk - Staging out finished
2012-06-13 15:46:06,258-0500 DEBUG vdl:execute2 JOB_END jobid=cka-pan9ypsk
2012-06-13 15:46:06,259-0500 INFO  vdl:execute END_SUCCESS thread=0-3-52-1 tr=cka
2012-06-13 15:46:06,260-0500 DEBUG countwords PROCEDURE_END line=4
2012-06-13 15:46:06,260-0500 DEBUG vdl:mains FOREACH_IT_END line=15 thread=0-3-52
2012-06-13 15:46:06,756-0500 INFO  WeightedHostScoreScheduler CONTACT_SELECTED host=localhost, score=99.854
2012-06-13 15:46:06,758-0500 DEBUG vdl:execute2 THREAD_ASSOCIATION jobid=cka-qan9ypsk thread=0-3-44-1-1 host=localhost replicationGroup=s8n9ypsk
2012-06-13 15:46:06,762-0500 INFO  vdl:createdirset START jobid=cka-qan9ypsk host=localhost - Initializing directory structure
2012-06-13 15:46:06,762-0500 INFO  vdl:createdirset END jobid=cka-qan9ypsk - Done initializing directory structure
2012-06-13 15:46:06,763-0500 INFO  vdl:dostagein START jobid=cka-qan9ypsk - Staging in files
2012-06-13 15:46:06,764-0500 INFO  vdl:dostagein END jobid=cka-qan9ypsk - Staging in finished
2012-06-13 15:46:06,765-0500 DEBUG vdl:execute2 JOB_START jobid=cka-qan9ypsk tr=cka arguments=[-nkernels=, 1.0, -kernel_time=, 100.0] tmpdir=gpu-20120613-1545-glcb7gbe/jobs/q/cka-qan9ypsk host=localhost
2012-06-13 15:46:06,769-0500 INFO  GridExec TASK_DEFINITION: Task(type=JOB_SUBMISSION, identity=urn:0-3-44-1-1-1339620357567) is /bin/bash shared/_swiftwrap cka-qan9ypsk -jobdir q -scratch  -e /home/skrieder/gpu-test/cka -out 44.result -err stderr.txt -i -d  -if  -of 44.result -k  -cdmfile  -status files -a -nkernels= 1 -kernel_time= 100
2012-06-13 15:46:06,770-0500 INFO  JobSubmissionTaskHandler Submit: in: /var/tmp/gpu-20120613-1545-glcb7gbe command: /bin/bash /var/tmp/gpu-20120613-1545-glcb7gbe/shared/_swiftwrap cka-qan9ypsk -jobdir q -scratch  -e /home/skrieder/gpu-test/cka -out 44.result -err stderr.txt -i -d  -if  -of 44.result -k  -cdmfile  -status files -a -nkernels= 1 -kernel_time= 100
2012-06-13 15:46:06,995-0500 INFO  LateBindingScheduler JobQueue: 53
2012-06-13 15:46:06,997-0500 DEBUG vdl:checkjobstatus START jobid=cka-qan9ypsk
2012-06-13 15:46:06,999-0500 INFO  LateBindingScheduler JobQueue: 53
2012-06-13 15:46:07,000-0500 INFO  vdl:checkjobstatus SUCCESS jobid=cka-qan9ypsk - Success file found
2012-06-13 15:46:07,001-0500 DEBUG vdl:execute2 STAGING_OUT jobid=cka-qan9ypsk
2012-06-13 15:46:07,001-0500 INFO  vdl:dostageout START jobid=cka-qan9ypsk - Staging out files
2012-06-13 15:46:07,002-0500 DEBUG vdl:dostageout stageouts: [[$, c:countfile - Open]]
2012-06-13 15:46:07,004-0500 DEBUG vdl:dostageout FILE_STAGE_OUT_START srcname=44.result srcdir=gpu-20120613-1545-glcb7gbe/shared/ srchost=localhost destdir= desthost=localhost provider=file
2012-06-13 15:46:07,008-0500 INFO  LateBindingScheduler JobQueue: 53
2012-06-13 15:46:07,014-0500 INFO  LateBindingScheduler JobQueue: 53
2012-06-13 15:46:07,015-0500 DEBUG vdl:dostageout FILE_STAGE_OUT_END srcname=44.result srcdir=gpu-20120613-1545-glcb7gbe/shared/ srchost=localhost destdir= desthost=localhost provider=file
2012-06-13 15:46:07,018-0500 INFO  LateBindingScheduler JobQueue: 53
2012-06-13 15:46:07,020-0500 INFO  vdl:dostageout END jobid=cka-qan9ypsk - Staging out finished
2012-06-13 15:46:07,021-0500 DEBUG vdl:execute2 JOB_END jobid=cka-qan9ypsk
2012-06-13 15:46:07,022-0500 INFO  vdl:execute END_SUCCESS thread=0-3-44-1 tr=cka
2012-06-13 15:46:07,023-0500 DEBUG countwords PROCEDURE_END line=4
2012-06-13 15:46:07,023-0500 DEBUG vdl:mains FOREACH_IT_END line=15 thread=0-3-44
2012-06-13 15:46:07,519-0500 INFO  WeightedHostScoreScheduler CONTACT_SELECTED host=localhost, score=99.854
2012-06-13 15:46:07,521-0500 DEBUG vdl:execute2 THREAD_ASSOCIATION jobid=cka-ran9ypsk thread=0-3-31-1-1 host=localhost replicationGroup=y9n9ypsk
2012-06-13 15:46:07,525-0500 INFO  vdl:createdirset START jobid=cka-ran9ypsk host=localhost - Initializing directory structure
2012-06-13 15:46:07,526-0500 INFO  vdl:createdirset END jobid=cka-ran9ypsk - Done initializing directory structure
2012-06-13 15:46:07,526-0500 INFO  vdl:dostagein START jobid=cka-ran9ypsk - Staging in files
2012-06-13 15:46:07,527-0500 INFO  vdl:dostagein END jobid=cka-ran9ypsk - Staging in finished
2012-06-13 15:46:07,528-0500 DEBUG vdl:execute2 JOB_START jobid=cka-ran9ypsk tr=cka arguments=[-nkernels=, 1.0, -kernel_time=, 100.0] tmpdir=gpu-20120613-1545-glcb7gbe/jobs/r/cka-ran9ypsk host=localhost
2012-06-13 15:46:07,533-0500 INFO  GridExec TASK_DEFINITION: Task(type=JOB_SUBMISSION, identity=urn:0-3-31-1-1-1339620357578) is /bin/bash shared/_swiftwrap cka-ran9ypsk -jobdir r -scratch  -e /home/skrieder/gpu-test/cka -out 31.result -err stderr.txt -i -d  -if  -of 31.result -k  -cdmfile  -status files -a -nkernels= 1 -kernel_time= 100
2012-06-13 15:46:07,533-0500 INFO  JobSubmissionTaskHandler Submit: in: /var/tmp/gpu-20120613-1545-glcb7gbe command: /bin/bash /var/tmp/gpu-20120613-1545-glcb7gbe/shared/_swiftwrap cka-ran9ypsk -jobdir r -scratch  -e /home/skrieder/gpu-test/cka -out 31.result -err stderr.txt -i -d  -if  -of 31.result -k  -cdmfile  -status files -a -nkernels= 1 -kernel_time= 100
2012-06-13 15:46:07,759-0500 INFO  LateBindingScheduler JobQueue: 52
2012-06-13 15:46:07,761-0500 DEBUG vdl:checkjobstatus START jobid=cka-ran9ypsk
2012-06-13 15:46:07,763-0500 INFO  LateBindingScheduler JobQueue: 52
2012-06-13 15:46:07,763-0500 INFO  vdl:checkjobstatus SUCCESS jobid=cka-ran9ypsk - Success file found
2012-06-13 15:46:07,764-0500 DEBUG vdl:execute2 STAGING_OUT jobid=cka-ran9ypsk
2012-06-13 15:46:07,765-0500 INFO  vdl:dostageout START jobid=cka-ran9ypsk - Staging out files
2012-06-13 15:46:07,766-0500 DEBUG vdl:dostageout stageouts: [[$, c:countfile - Open]]
2012-06-13 15:46:07,768-0500 DEBUG vdl:dostageout FILE_STAGE_OUT_START srcname=31.result srcdir=gpu-20120613-1545-glcb7gbe/shared/ srchost=localhost destdir= desthost=localhost provider=file
2012-06-13 15:46:07,772-0500 INFO  LateBindingScheduler JobQueue: 52
2012-06-13 15:46:07,778-0500 INFO  LateBindingScheduler JobQueue: 52
2012-06-13 15:46:07,779-0500 DEBUG vdl:dostageout FILE_STAGE_OUT_END srcname=31.result srcdir=gpu-20120613-1545-glcb7gbe/shared/ srchost=localhost destdir= desthost=localhost provider=file
2012-06-13 15:46:07,781-0500 INFO  LateBindingScheduler JobQueue: 52
2012-06-13 15:46:07,783-0500 INFO  vdl:dostageout END jobid=cka-ran9ypsk - Staging out finished
2012-06-13 15:46:07,785-0500 DEBUG vdl:execute2 JOB_END jobid=cka-ran9ypsk
2012-06-13 15:46:07,786-0500 INFO  vdl:execute END_SUCCESS thread=0-3-31-1 tr=cka
2012-06-13 15:46:07,786-0500 DEBUG countwords PROCEDURE_END line=4
2012-06-13 15:46:07,787-0500 DEBUG vdl:mains FOREACH_IT_END line=15 thread=0-3-31
