2012-06-18 09:49:19,033-0500 DEBUG Loader arguments: [-tc.file, tc.data, -sites.file, sites/1-throttle-sites.xml, gpu.swift, -nkernels=16, -kernel_time=100]
2012-06-18 09:49:19,033-0500 DEBUG Loader Max heap: 252248064
2012-06-18 09:49:19,035-0500 DEBUG textfiles BEGIN SWIFTSCRIPT:
type messagefile; 
type countfile; 

app (countfile t) countwords (int nk, int time) {   
     cka "-nkernels="nk "-kernel_time="time stdout=@filename(t);
}

int nKernels = @toint(@arg("nkernels","1"));
int sleepTime = @toint(@arg("kernel_time","1"));

string inputNames = "scott3a.sh scott3a.sh scott3a.sh scott3a.sh scott3a.sh scott3a.sh scott3a.sh scott3a.sh scott3a.sh scott3a.sh scott3a.sh scott3a.sh scott3a.sh scott3a.sh scott3a.sh scott3a.sh scott3a.sh scott3a.sh scott3a.sh scott3a.sh scott3a.sh scott3a.sh scott3a.sh scott3a.sh scott3a.sh scott3a.sh scott3a.sh scott3a.sh scott3a.sh scott3a.sh scott3a.sh scott3a.sh scott3a.sh scott3a.sh scott3a.sh scott3a.sh scott3a.sh scott3a.sh scott3a.sh scott3a.sh scott3a.sh scott3a.sh scott3a.sh scott3a.sh scott3a.sh scott3a.sh scott3a.sh scott3a.sh scott3a.sh scott3a.sh scott3a.sh scott3a.sh scott3a.sh scott3a.sh scott3a.sh scott3a.sh scott3a.sh scott3a.sh scott3a.sh scott3a.sh scott3a.sh scott3a.sh scott3a.sh scott3a.sh";

messagefile inputfiles[] <fixed_array_mapper;files=inputNames>;

foreach f,i in inputfiles {
  countfile c <single_file_mapper; file=@strcat(i, ".result")>;
  c = countwords(nKernels, sleepTime);
}


2012-06-18 09:49:19,035-0500 DEBUG textfiles END SWIFTSCRIPT:
2012-06-18 09:49:19,035-0500 DEBUG Loader kmlversion is >239b8550-a5ff-44be-a124-5e7ecd70737d<
2012-06-18 09:49:19,035-0500 DEBUG Loader build version is >239b8550-a5ff-44be-a124-5e7ecd70737d<
2012-06-18 09:49:19,035-0500 DEBUG Loader Recompilation suppressed.
2012-06-18 09:49:19,188-0500 DEBUG Loader setting: sites.file to: sites/1-throttle-sites.xml
2012-06-18 09:49:19,188-0500 DEBUG Loader setting: tc.file to: tc.data
2012-06-18 09:49:19,189-0500 DEBUG textfiles BEGIN SITES:
<config>

  <pool handle="localhost">
    <filesystem provider="local" />
    <execution provider="local" />
    <workdirectory >/var/tmp</workdirectory>
    <profile namespace="karajan" key="jobThrottle">0</profile>
    <profile namespace="karajan" key="initialScore">10000</profile>
  </pool>

</config>


2012-06-18 09:49:19,189-0500 DEBUG textfiles END SITES:
2012-06-18 09:49:19,193-0500 INFO  VDL2ExecutionContext Stack dump:
Level 1
[iA = 0, iB = 0, bA = false, bB = false]
	vdl:instanceconfig = Swift configuration []
	vdl:operation = run
	swift.home = /usr/local/swift/bin/..
	PATH_SEPARATOR = /


2012-06-18 09:49:19,839-0500 INFO  unknown Using sites file: sites/1-throttle-sites.xml
2012-06-18 09:49:19,880-0500 INFO  unknown Using tc.data: tc.data
